This is pdfTeX, Version 3.141592653-2.6-1.40.24 (MiKTeX 21.12) (preloaded format=pdflatex 2022.1.12)  13 JAN 2022 10:14
entering extended mode
 restricted \write18 enabled.
 %&-line parsing enabled.
**./Master.tex
(Master.tex
LaTeX2e <2021-11-15> patch level 1
L3 programming layer <2021-11-22>
(C:\Users\smatw1\AppData\Local\Programs\MiKTeX\tex/latex/base\book.cls
Document Class: book 2021/10/04 v1.4n Standard LaTeX document class
(C:\Users\smatw1\AppData\Local\Programs\MiKTeX\tex/latex/base\bk10.clo
File: bk10.clo 2021/10/04 v1.4n Standard LaTeX file (size option)
)
\c@part=\count183
\c@chapter=\count184
\c@section=\count185
\c@subsection=\count186
\c@subsubsection=\count187
\c@paragraph=\count188
\c@subparagraph=\count189
\c@figure=\count190
\c@table=\count191
\abovecaptionskip=\skip47
\belowcaptionskip=\skip48
\bibindent=\dimen138
)
(C:\Users\smatw1\AppData\Local\Programs\MiKTeX\tex/latex/hyperref\hyperref.sty
Package: hyperref 2021-06-07 v7.00m Hypertext links for LaTeX

(C:\Users\smatw1\AppData\Local\Programs\MiKTeX\tex/generic/ltxcmds\ltxcmds.sty
Package: ltxcmds 2020-05-10 v1.25 LaTeX kernel commands for general use (HO)
) (C:\Users\smatw1\AppData\Local\Programs\MiKTeX\tex/generic/iftex\iftex.sty
Package: iftex 2020/03/06 v1.0d TeX engine tests
)
(C:\Users\smatw1\AppData\Local\Programs\MiKTeX\tex/generic/pdftexcmds\pdftexcmd
s.sty
Package: pdftexcmds 2020-06-27 v0.33 Utility functions of pdfTeX for LuaTeX (HO
)

(C:\Users\smatw1\AppData\Local\Programs\MiKTeX\tex/generic/infwarerr\infwarerr.
sty
Package: infwarerr 2019/12/03 v1.5 Providing info/warning/error messages (HO)
)
Package pdftexcmds Info: \pdf@primitive is available.
Package pdftexcmds Info: \pdf@ifprimitive is available.
Package pdftexcmds Info: \pdfdraftmode found.
)
(C:\Users\smatw1\AppData\Local\Programs\MiKTeX\tex/latex/graphics\keyval.sty
Package: keyval 2014/10/28 v1.15 key=value parser (DPC)
\KV@toks@=\toks16
)
(C:\Users\smatw1\AppData\Local\Programs\MiKTeX\tex/generic/kvsetkeys\kvsetkeys.
sty
Package: kvsetkeys 2019/12/15 v1.18 Key value parser (HO)
)
(C:\Users\smatw1\AppData\Local\Programs\MiKTeX\tex/generic/kvdefinekeys\kvdefin
ekeys.sty
Package: kvdefinekeys 2019-12-19 v1.6 Define keys (HO)
)
(C:\Users\smatw1\AppData\Local\Programs\MiKTeX\tex/generic/pdfescape\pdfescape.
sty
Package: pdfescape 2019/12/09 v1.15 Implements pdfTeX's escape features (HO)
)
(C:\Users\smatw1\AppData\Local\Programs\MiKTeX\tex/latex/hycolor\hycolor.sty
Package: hycolor 2020-01-27 v1.10 Color options for hyperref/bookmark (HO)
)
(C:\Users\smatw1\AppData\Local\Programs\MiKTeX\tex/latex/letltxmacro\letltxmacr
o.sty
Package: letltxmacro 2019/12/03 v1.6 Let assignment for LaTeX macros (HO)
)
(C:\Users\smatw1\AppData\Local\Programs\MiKTeX\tex/latex/auxhook\auxhook.sty
Package: auxhook 2019-12-17 v1.6 Hooks for auxiliary files (HO)
)
(C:\Users\smatw1\AppData\Local\Programs\MiKTeX\tex/latex/kvoptions\kvoptions.st
y
Package: kvoptions 2020-10-07 v3.14 Key value format for package options (HO)
)
\@linkdim=\dimen139
\Hy@linkcounter=\count192
\Hy@pagecounter=\count193
 (C:\Users\smatw1\AppData\Local\Programs\MiKTeX\tex/latex/hyperref\pd1enc.def
File: pd1enc.def 2021-06-07 v7.00m Hyperref: PDFDocEncoding definition (HO)
Now handling font encoding PD1 ...
... no UTF-8 mapping file for font encoding PD1
)
(C:\Users\smatw1\AppData\Local\Programs\MiKTeX\tex/latex/hyperref\hyperref-lang
patches.def
File: hyperref-langpatches.def 2021-06-07 v7.00m Hyperref: patches for babel la
nguages
)
(C:\Users\smatw1\AppData\Local\Programs\MiKTeX\tex/generic/intcalc\intcalc.sty
Package: intcalc 2019/12/15 v1.3 Expandable calculations with integers (HO)
)
(C:\Users\smatw1\AppData\Local\Programs\MiKTeX\tex/generic/etexcmds\etexcmds.st
y
Package: etexcmds 2019/12/15 v1.7 Avoid name clashes with e-TeX commands (HO)
)
\Hy@SavedSpaceFactor=\count194
 (C:\Users\smatw1\AppData\Local\Programs\MiKTeX\tex/latex/hyperref\puenc.def
File: puenc.def 2021-06-07 v7.00m Hyperref: PDF Unicode definition (HO)
Now handling font encoding PU ...
... no UTF-8 mapping file for font encoding PU
)
Package hyperref Info: Hyper figures OFF on input line 4192.
Package hyperref Info: Link nesting OFF on input line 4197.
Package hyperref Info: Hyper index ON on input line 4200.
Package hyperref Info: Plain pages OFF on input line 4207.
Package hyperref Info: Backreferencing OFF on input line 4212.
Package hyperref Info: Implicit mode ON; LaTeX internals redefined.
Package hyperref Info: Bookmarks ON on input line 4445.
\c@Hy@tempcnt=\count195
(C:\Users\smatw1\AppData\Local\Programs\MiKTeX\tex/latex/url\url.sty
\Urlmuskip=\muskip16
Package: url 2013/09/16  ver 3.4  Verb mode for urls, etc.
)
LaTeX Info: Redefining \url on input line 4804.
\XeTeXLinkMargin=\dimen140

(C:\Users\smatw1\AppData\Local\Programs\MiKTeX\tex/generic/bitset\bitset.sty
Package: bitset 2019/12/09 v1.3 Handle bit-vector datatype (HO)

(C:\Users\smatw1\AppData\Local\Programs\MiKTeX\tex/generic/bigintcalc\bigintcal
c.sty
Package: bigintcalc 2019/12/15 v1.5 Expandable calculations on big integers (HO
)
))
\Fld@menulength=\count196
\Field@Width=\dimen141
\Fld@charsize=\dimen142
Package hyperref Info: Hyper figures OFF on input line 6076.
Package hyperref Info: Link nesting OFF on input line 6081.
Package hyperref Info: Hyper index ON on input line 6084.
Package hyperref Info: backreferencing OFF on input line 6091.
Package hyperref Info: Link coloring OFF on input line 6096.
Package hyperref Info: Link coloring with OCG OFF on input line 6101.
Package hyperref Info: PDF/A mode OFF on input line 6106.
LaTeX Info: Redefining \ref on input line 6146.
LaTeX Info: Redefining \pageref on input line 6150.

(C:\Users\smatw1\AppData\Local\Programs\MiKTeX\tex/latex/base\atbegshi-ltx.sty
Package: atbegshi-ltx 2021/01/10 v1.0c Emulation of the original atbegshi
package with kernel methods
)
\Hy@abspage=\count197
\c@Item=\count198
\c@Hfootnote=\count199
)
Package hyperref Info: Driver (autodetected): hpdftex.
 (C:\Users\smatw1\AppData\Local\Programs\MiKTeX\tex/latex/hyperref\hpdftex.def
File: hpdftex.def 2021-06-07 v7.00m Hyperref driver for pdfTeX

(C:\Users\smatw1\AppData\Local\Programs\MiKTeX\tex/latex/base\atveryend-ltx.sty
Package: atveryend-ltx 2020/08/19 v1.0a Emulation of the original atveryend pac
kage
with kernel methods
)
\Fld@listcount=\count266
\c@bookmark@seq@number=\count267

(C:\Users\smatw1\AppData\Local\Programs\MiKTeX\tex/latex/rerunfilecheck\rerunfi
lecheck.sty
Package: rerunfilecheck 2019/12/05 v1.9 Rerun checks for auxiliary files (HO)

(C:\Users\smatw1\AppData\Local\Programs\MiKTeX\tex/generic/uniquecounter\unique
counter.sty
Package: uniquecounter 2019/12/15 v1.4 Provide unlimited unique counter (HO)
)
Package uniquecounter Info: New unique counter `rerunfilecheck' on input line 2
86.
)
\Hy@SectionHShift=\skip49
)
(C:\Users\smatw1\AppData\Local\Programs\MiKTeX\tex/latex/amsmath\amsmath.sty
Package: amsmath 2021/10/15 v2.17l AMS math features
\@mathmargin=\skip50

For additional information on amsmath, use the `?' option.
(C:\Users\smatw1\AppData\Local\Programs\MiKTeX\tex/latex/amsmath\amstext.sty
Package: amstext 2021/08/26 v2.01 AMS text

(C:\Users\smatw1\AppData\Local\Programs\MiKTeX\tex/latex/amsmath\amsgen.sty
File: amsgen.sty 1999/11/30 v2.0 generic functions
\@emptytoks=\toks17
\ex@=\dimen143
))
(C:\Users\smatw1\AppData\Local\Programs\MiKTeX\tex/latex/amsmath\amsbsy.sty
Package: amsbsy 1999/11/29 v1.2d Bold Symbols
\pmbraise@=\dimen144
)
(C:\Users\smatw1\AppData\Local\Programs\MiKTeX\tex/latex/amsmath\amsopn.sty
Package: amsopn 2021/08/26 v2.02 operator names
)
\inf@bad=\count268
LaTeX Info: Redefining \frac on input line 234.
\uproot@=\count269
\leftroot@=\count270
LaTeX Info: Redefining \overline on input line 399.
\classnum@=\count271
\DOTSCASE@=\count272
LaTeX Info: Redefining \ldots on input line 496.
LaTeX Info: Redefining \dots on input line 499.
LaTeX Info: Redefining \cdots on input line 620.
\Mathstrutbox@=\box50
\strutbox@=\box51
\big@size=\dimen145
LaTeX Font Info:    Redeclaring font encoding OML on input line 743.
LaTeX Font Info:    Redeclaring font encoding OMS on input line 744.
\macc@depth=\count273
\c@MaxMatrixCols=\count274
\dotsspace@=\muskip17
\c@parentequation=\count275
\dspbrk@lvl=\count276
\tag@help=\toks18
\row@=\count277
\column@=\count278
\maxfields@=\count279
\andhelp@=\toks19
\eqnshift@=\dimen146
\alignsep@=\dimen147
\tagshift@=\dimen148
\tagwidth@=\dimen149
\totwidth@=\dimen150
\lineht@=\dimen151
\@envbody=\toks20
\multlinegap=\skip51
\multlinetaggap=\skip52
\mathdisplay@stack=\toks21
LaTeX Info: Redefining \[ on input line 2938.
LaTeX Info: Redefining \] on input line 2939.
)
(C:\Users\smatw1\AppData\Local\Programs\MiKTeX\tex/latex/mathtools\mathtools.st
y
Package: mathtools 2021/04/12 v1.27 mathematical typesetting tools
 (C:\Users\smatw1\AppData\Local\Programs\MiKTeX\tex/latex/tools\calc.sty
Package: calc 2017/05/25 v4.3 Infix arithmetic (KKT,FJ)
\calc@Acount=\count280
\calc@Bcount=\count281
\calc@Adimen=\dimen152
\calc@Bdimen=\dimen153
\calc@Askip=\skip53
\calc@Bskip=\skip54
LaTeX Info: Redefining \setlength on input line 80.
LaTeX Info: Redefining \addtolength on input line 81.
\calc@Ccount=\count282
\calc@Cskip=\skip55
)
(C:\Users\smatw1\AppData\Local\Programs\MiKTeX\tex/latex/mathtools\mhsetup.sty
Package: mhsetup 2021/03/18 v1.4 programming setup (MH)
)
LaTeX Info: Thecontrolsequence`\('isalreadyrobust on input line 130.
LaTeX Info: Thecontrolsequence`\)'isalreadyrobust on input line 130.
LaTeX Info: Thecontrolsequence`\['isalreadyrobust on input line 130.
LaTeX Info: Thecontrolsequence`\]'isalreadyrobust on input line 130.
\g_MT_multlinerow_int=\count283
\l_MT_multwidth_dim=\dimen154
\origjot=\skip56
\l_MT_shortvdotswithinadjustabove_dim=\dimen155
\l_MT_shortvdotswithinadjustbelow_dim=\dimen156
\l_MT_above_intertext_sep=\dimen157
\l_MT_below_intertext_sep=\dimen158
\l_MT_above_shortintertext_sep=\dimen159
\l_MT_below_shortintertext_sep=\dimen160
\xmathstrut@box=\box52
\xmathstrut@dim=\dimen161
)
(C:\Users\smatw1\AppData\Local\Programs\MiKTeX\tex/latex/graphics\graphicx.sty
Package: graphicx 2021/09/16 v1.2d Enhanced LaTeX Graphics (DPC,SPQR)

(C:\Users\smatw1\AppData\Local\Programs\MiKTeX\tex/latex/graphics\graphics.sty
Package: graphics 2021/03/04 v1.4d Standard LaTeX Graphics (DPC,SPQR)

(C:\Users\smatw1\AppData\Local\Programs\MiKTeX\tex/latex/graphics\trig.sty
Package: trig 2021/08/11 v1.11 sin cos tan (DPC)
)
(C:\Users\smatw1\AppData\Local\Programs\MiKTeX\tex/latex/graphics-cfg\graphics.
cfg
File: graphics.cfg 2016/06/04 v1.11 sample graphics configuration
)
Package graphics Info: Driver file: pdftex.def on input line 107.

(C:\Users\smatw1\AppData\Local\Programs\MiKTeX\tex/latex/graphics-def\pdftex.de
f
File: pdftex.def 2020/10/05 v1.2a Graphics/color driver for pdftex
))
\Gin@req@height=\dimen162
\Gin@req@width=\dimen163
)
(C:\Users\smatw1\AppData\Local\Programs\MiKTeX\tex/latex/tikzsymbols\tikzsymbol
s.sty
(C:\Users\smatw1\AppData\Local\Programs\MiKTeX\tex/latex/l3packages/xparse\xpar
se.sty
(C:\Users\smatw1\AppData\Local\Programs\MiKTeX\tex/latex/l3kernel\expl3.sty
Package: expl3 2021-11-22 L3 programming layer (loader) 

(C:\Users\smatw1\AppData\Local\Programs\MiKTeX\tex/latex/l3backend\l3backend-pd
ftex.def
File: l3backend-pdftex.def 2021-10-18 L3 backend support: PDF output (pdfTeX)
\l__color_backend_stack_int=\count284
\l__pdf_internal_box=\box53
))
Package: xparse 2021-11-12 L3 Experimental document command parser
)
Package: tikzsymbols 2021/12/14 v4.12a Some symbols created using tikz and LaTe
X3.

(C:\Users\smatw1\AppData\Local\Programs\MiKTeX\tex/latex/pgf/frontendlayer\tikz
.sty
(C:\Users\smatw1\AppData\Local\Programs\MiKTeX\tex/latex/pgf/basiclayer\pgf.sty

(C:\Users\smatw1\AppData\Local\Programs\MiKTeX\tex/latex/pgf/utilities\pgfrcs.s
ty
(C:\Users\smatw1\AppData\Local\Programs\MiKTeX\tex/generic/pgf/utilities\pgfuti
l-common.tex
\pgfutil@everybye=\toks22
\pgfutil@tempdima=\dimen164
\pgfutil@tempdimb=\dimen165

(C:\Users\smatw1\AppData\Local\Programs\MiKTeX\tex/generic/pgf/utilities\pgfuti
l-common-lists.tex))
(C:\Users\smatw1\AppData\Local\Programs\MiKTeX\tex/generic/pgf/utilities\pgfuti
l-latex.def
\pgfutil@abb=\box54
)
(C:\Users\smatw1\AppData\Local\Programs\MiKTeX\tex/generic/pgf/utilities\pgfrcs
.code.tex
(C:\Users\smatw1\AppData\Local\Programs\MiKTeX\tex/generic/pgf\pgf.revision.tex
)
Package: pgfrcs 2021/05/15 v3.1.9a (3.1.9a)
))
Package: pgf 2021/05/15 v3.1.9a (3.1.9a)

(C:\Users\smatw1\AppData\Local\Programs\MiKTeX\tex/latex/pgf/basiclayer\pgfcore
.sty
(C:\Users\smatw1\AppData\Local\Programs\MiKTeX\tex/latex/pgf/systemlayer\pgfsys
.sty
(C:\Users\smatw1\AppData\Local\Programs\MiKTeX\tex/generic/pgf/systemlayer\pgfs
ys.code.tex
Package: pgfsys 2021/05/15 v3.1.9a (3.1.9a)

(C:\Users\smatw1\AppData\Local\Programs\MiKTeX\tex/generic/pgf/utilities\pgfkey
s.code.tex
\pgfkeys@pathtoks=\toks23
\pgfkeys@temptoks=\toks24

(C:\Users\smatw1\AppData\Local\Programs\MiKTeX\tex/generic/pgf/utilities\pgfkey
sfiltered.code.tex
\pgfkeys@tmptoks=\toks25
))
\pgf@x=\dimen166
\pgf@y=\dimen167
\pgf@xa=\dimen168
\pgf@ya=\dimen169
\pgf@xb=\dimen170
\pgf@yb=\dimen171
\pgf@xc=\dimen172
\pgf@yc=\dimen173
\pgf@xd=\dimen174
\pgf@yd=\dimen175
\w@pgf@writea=\write3
\r@pgf@reada=\read2
\c@pgf@counta=\count285
\c@pgf@countb=\count286
\c@pgf@countc=\count287
\c@pgf@countd=\count288
\t@pgf@toka=\toks26
\t@pgf@tokb=\toks27
\t@pgf@tokc=\toks28
\pgf@sys@id@count=\count289

(C:\Users\smatw1\AppData\Local\Programs\MiKTeX\tex/generic/pgf/systemlayer\pgf.
cfg
File: pgf.cfg 2021/05/15 v3.1.9a (3.1.9a)
)
Driver file for pgf: pgfsys-pdftex.def

(C:\Users\smatw1\AppData\Local\Programs\MiKTeX\tex/generic/pgf/systemlayer\pgfs
ys-pdftex.def
File: pgfsys-pdftex.def 2021/05/15 v3.1.9a (3.1.9a)

(C:\Users\smatw1\AppData\Local\Programs\MiKTeX\tex/generic/pgf/systemlayer\pgfs
ys-common-pdf.def
File: pgfsys-common-pdf.def 2021/05/15 v3.1.9a (3.1.9a)
)))
(C:\Users\smatw1\AppData\Local\Programs\MiKTeX\tex/generic/pgf/systemlayer\pgfs
yssoftpath.code.tex
File: pgfsyssoftpath.code.tex 2021/05/15 v3.1.9a (3.1.9a)
\pgfsyssoftpath@smallbuffer@items=\count290
\pgfsyssoftpath@bigbuffer@items=\count291
)
(C:\Users\smatw1\AppData\Local\Programs\MiKTeX\tex/generic/pgf/systemlayer\pgfs
ysprotocol.code.tex
File: pgfsysprotocol.code.tex 2021/05/15 v3.1.9a (3.1.9a)
))
(C:\Users\smatw1\AppData\Local\Programs\MiKTeX\tex/latex/xcolor\xcolor.sty
Package: xcolor 2021/10/31 v2.13 LaTeX color extensions (UK)

(C:\Users\smatw1\AppData\Local\Programs\MiKTeX\tex/latex/graphics-cfg\color.cfg
File: color.cfg 2016/01/02 v1.6 sample color configuration
)
Package xcolor Info: Driver file: pdftex.def on input line 227.
Package xcolor Info: Model `cmy' substituted by `cmy0' on input line 1352.
Package xcolor Info: Model `hsb' substituted by `rgb' on input line 1356.
Package xcolor Info: Model `RGB' extended on input line 1368.
Package xcolor Info: Model `HTML' substituted by `rgb' on input line 1370.
Package xcolor Info: Model `Hsb' substituted by `hsb' on input line 1371.
Package xcolor Info: Model `tHsb' substituted by `hsb' on input line 1372.
Package xcolor Info: Model `HSB' substituted by `hsb' on input line 1373.
Package xcolor Info: Model `Gray' substituted by `gray' on input line 1374.
Package xcolor Info: Model `wave' substituted by `hsb' on input line 1375.
)
(C:\Users\smatw1\AppData\Local\Programs\MiKTeX\tex/generic/pgf/basiclayer\pgfco
re.code.tex
Package: pgfcore 2021/05/15 v3.1.9a (3.1.9a)

(C:\Users\smatw1\AppData\Local\Programs\MiKTeX\tex/generic/pgf/math\pgfmath.cod
e.tex
(C:\Users\smatw1\AppData\Local\Programs\MiKTeX\tex/generic/pgf/math\pgfmathcalc
.code.tex
(C:\Users\smatw1\AppData\Local\Programs\MiKTeX\tex/generic/pgf/math\pgfmathutil
.code.tex)
(C:\Users\smatw1\AppData\Local\Programs\MiKTeX\tex/generic/pgf/math\pgfmathpars
er.code.tex
\pgfmath@dimen=\dimen176
\pgfmath@count=\count292
\pgfmath@box=\box55
\pgfmath@toks=\toks29
\pgfmath@stack@operand=\toks30
\pgfmath@stack@operation=\toks31
)
(C:\Users\smatw1\AppData\Local\Programs\MiKTeX\tex/generic/pgf/math\pgfmathfunc
tions.code.tex
(C:\Users\smatw1\AppData\Local\Programs\MiKTeX\tex/generic/pgf/math\pgfmathfunc
tions.basic.code.tex)
(C:\Users\smatw1\AppData\Local\Programs\MiKTeX\tex/generic/pgf/math\pgfmathfunc
tions.trigonometric.code.tex)
(C:\Users\smatw1\AppData\Local\Programs\MiKTeX\tex/generic/pgf/math\pgfmathfunc
tions.random.code.tex)
(C:\Users\smatw1\AppData\Local\Programs\MiKTeX\tex/generic/pgf/math\pgfmathfunc
tions.comparison.code.tex)
(C:\Users\smatw1\AppData\Local\Programs\MiKTeX\tex/generic/pgf/math\pgfmathfunc
tions.base.code.tex)
(C:\Users\smatw1\AppData\Local\Programs\MiKTeX\tex/generic/pgf/math\pgfmathfunc
tions.round.code.tex)
(C:\Users\smatw1\AppData\Local\Programs\MiKTeX\tex/generic/pgf/math\pgfmathfunc
tions.misc.code.tex)
(C:\Users\smatw1\AppData\Local\Programs\MiKTeX\tex/generic/pgf/math\pgfmathfunc
tions.integerarithmetics.code.tex)))
(C:\Users\smatw1\AppData\Local\Programs\MiKTeX\tex/generic/pgf/math\pgfmathfloa
t.code.tex
\c@pgfmathroundto@lastzeros=\count293
))
(C:\Users\smatw1\AppData\Local\Programs\MiKTeX\tex/generic/pgf/math\pgfint.code
.tex)
(C:\Users\smatw1\AppData\Local\Programs\MiKTeX\tex/generic/pgf/basiclayer\pgfco
repoints.code.tex
File: pgfcorepoints.code.tex 2021/05/15 v3.1.9a (3.1.9a)
\pgf@picminx=\dimen177
\pgf@picmaxx=\dimen178
\pgf@picminy=\dimen179
\pgf@picmaxy=\dimen180
\pgf@pathminx=\dimen181
\pgf@pathmaxx=\dimen182
\pgf@pathminy=\dimen183
\pgf@pathmaxy=\dimen184
\pgf@xx=\dimen185
\pgf@xy=\dimen186
\pgf@yx=\dimen187
\pgf@yy=\dimen188
\pgf@zx=\dimen189
\pgf@zy=\dimen190
)
(C:\Users\smatw1\AppData\Local\Programs\MiKTeX\tex/generic/pgf/basiclayer\pgfco
repathconstruct.code.tex
File: pgfcorepathconstruct.code.tex 2021/05/15 v3.1.9a (3.1.9a)
\pgf@path@lastx=\dimen191
\pgf@path@lasty=\dimen192
)
(C:\Users\smatw1\AppData\Local\Programs\MiKTeX\tex/generic/pgf/basiclayer\pgfco
repathusage.code.tex
File: pgfcorepathusage.code.tex 2021/05/15 v3.1.9a (3.1.9a)
\pgf@shorten@end@additional=\dimen193
\pgf@shorten@start@additional=\dimen194
)
(C:\Users\smatw1\AppData\Local\Programs\MiKTeX\tex/generic/pgf/basiclayer\pgfco
rescopes.code.tex
File: pgfcorescopes.code.tex 2021/05/15 v3.1.9a (3.1.9a)
\pgfpic=\box56
\pgf@hbox=\box57
\pgf@layerbox@main=\box58
\pgf@picture@serial@count=\count294
)
(C:\Users\smatw1\AppData\Local\Programs\MiKTeX\tex/generic/pgf/basiclayer\pgfco
regraphicstate.code.tex
File: pgfcoregraphicstate.code.tex 2021/05/15 v3.1.9a (3.1.9a)
\pgflinewidth=\dimen195
)
(C:\Users\smatw1\AppData\Local\Programs\MiKTeX\tex/generic/pgf/basiclayer\pgfco
retransformations.code.tex
File: pgfcoretransformations.code.tex 2021/05/15 v3.1.9a (3.1.9a)
\pgf@pt@x=\dimen196
\pgf@pt@y=\dimen197
\pgf@pt@temp=\dimen198
)
(C:\Users\smatw1\AppData\Local\Programs\MiKTeX\tex/generic/pgf/basiclayer\pgfco
requick.code.tex
File: pgfcorequick.code.tex 2021/05/15 v3.1.9a (3.1.9a)
)
(C:\Users\smatw1\AppData\Local\Programs\MiKTeX\tex/generic/pgf/basiclayer\pgfco
reobjects.code.tex
File: pgfcoreobjects.code.tex 2021/05/15 v3.1.9a (3.1.9a)
)
(C:\Users\smatw1\AppData\Local\Programs\MiKTeX\tex/generic/pgf/basiclayer\pgfco
repathprocessing.code.tex
File: pgfcorepathprocessing.code.tex 2021/05/15 v3.1.9a (3.1.9a)
)
(C:\Users\smatw1\AppData\Local\Programs\MiKTeX\tex/generic/pgf/basiclayer\pgfco
rearrows.code.tex
File: pgfcorearrows.code.tex 2021/05/15 v3.1.9a (3.1.9a)
\pgfarrowsep=\dimen199
)
(C:\Users\smatw1\AppData\Local\Programs\MiKTeX\tex/generic/pgf/basiclayer\pgfco
reshade.code.tex
File: pgfcoreshade.code.tex 2021/05/15 v3.1.9a (3.1.9a)
\pgf@max=\dimen256
\pgf@sys@shading@range@num=\count295
\pgf@shadingcount=\count296
)
(C:\Users\smatw1\AppData\Local\Programs\MiKTeX\tex/generic/pgf/basiclayer\pgfco
reimage.code.tex
File: pgfcoreimage.code.tex 2021/05/15 v3.1.9a (3.1.9a)

(C:\Users\smatw1\AppData\Local\Programs\MiKTeX\tex/generic/pgf/basiclayer\pgfco
reexternal.code.tex
File: pgfcoreexternal.code.tex 2021/05/15 v3.1.9a (3.1.9a)
\pgfexternal@startupbox=\box59
))
(C:\Users\smatw1\AppData\Local\Programs\MiKTeX\tex/generic/pgf/basiclayer\pgfco
relayers.code.tex
File: pgfcorelayers.code.tex 2021/05/15 v3.1.9a (3.1.9a)
)
(C:\Users\smatw1\AppData\Local\Programs\MiKTeX\tex/generic/pgf/basiclayer\pgfco
retransparency.code.tex
File: pgfcoretransparency.code.tex 2021/05/15 v3.1.9a (3.1.9a)
)
(C:\Users\smatw1\AppData\Local\Programs\MiKTeX\tex/generic/pgf/basiclayer\pgfco
repatterns.code.tex
File: pgfcorepatterns.code.tex 2021/05/15 v3.1.9a (3.1.9a)
)
(C:\Users\smatw1\AppData\Local\Programs\MiKTeX\tex/generic/pgf/basiclayer\pgfco
rerdf.code.tex
File: pgfcorerdf.code.tex 2021/05/15 v3.1.9a (3.1.9a)
)))
(C:\Users\smatw1\AppData\Local\Programs\MiKTeX\tex/generic/pgf/modules\pgfmodul
eshapes.code.tex
File: pgfmoduleshapes.code.tex 2021/05/15 v3.1.9a (3.1.9a)
\pgfnodeparttextbox=\box60
)
(C:\Users\smatw1\AppData\Local\Programs\MiKTeX\tex/generic/pgf/modules\pgfmodul
eplot.code.tex
File: pgfmoduleplot.code.tex 2021/05/15 v3.1.9a (3.1.9a)
)
(C:\Users\smatw1\AppData\Local\Programs\MiKTeX\tex/latex/pgf/compatibility\pgfc
omp-version-0-65.sty
Package: pgfcomp-version-0-65 2021/05/15 v3.1.9a (3.1.9a)
\pgf@nodesepstart=\dimen257
\pgf@nodesepend=\dimen258
)
(C:\Users\smatw1\AppData\Local\Programs\MiKTeX\tex/latex/pgf/compatibility\pgfc
omp-version-1-18.sty
Package: pgfcomp-version-1-18 2021/05/15 v3.1.9a (3.1.9a)
))
(C:\Users\smatw1\AppData\Local\Programs\MiKTeX\tex/latex/pgf/utilities\pgffor.s
ty
(C:\Users\smatw1\AppData\Local\Programs\MiKTeX\tex/latex/pgf/utilities\pgfkeys.
sty
(C:\Users\smatw1\AppData\Local\Programs\MiKTeX\tex/generic/pgf/utilities\pgfkey
s.code.tex))
(C:\Users\smatw1\AppData\Local\Programs\MiKTeX\tex/latex/pgf/math\pgfmath.sty
(C:\Users\smatw1\AppData\Local\Programs\MiKTeX\tex/generic/pgf/math\pgfmath.cod
e.tex))
(C:\Users\smatw1\AppData\Local\Programs\MiKTeX\tex/generic/pgf/utilities\pgffor
.code.tex
Package: pgffor 2021/05/15 v3.1.9a (3.1.9a)

(C:\Users\smatw1\AppData\Local\Programs\MiKTeX\tex/generic/pgf/math\pgfmath.cod
e.tex)
\pgffor@iter=\dimen259
\pgffor@skip=\dimen260
\pgffor@stack=\toks32
\pgffor@toks=\toks33
))
(C:\Users\smatw1\AppData\Local\Programs\MiKTeX\tex/generic/pgf/frontendlayer/ti
kz\tikz.code.tex
Package: tikz 2021/05/15 v3.1.9a (3.1.9a)

(C:\Users\smatw1\AppData\Local\Programs\MiKTeX\tex/generic/pgf/libraries\pgflib
raryplothandlers.code.tex
File: pgflibraryplothandlers.code.tex 2021/05/15 v3.1.9a (3.1.9a)
\pgf@plot@mark@count=\count297
\pgfplotmarksize=\dimen261
)
\tikz@lastx=\dimen262
\tikz@lasty=\dimen263
\tikz@lastxsaved=\dimen264
\tikz@lastysaved=\dimen265
\tikz@lastmovetox=\dimen266
\tikz@lastmovetoy=\dimen267
\tikzleveldistance=\dimen268
\tikzsiblingdistance=\dimen269
\tikz@figbox=\box61
\tikz@figbox@bg=\box62
\tikz@tempbox=\box63
\tikz@tempbox@bg=\box64
\tikztreelevel=\count298
\tikznumberofchildren=\count299
\tikznumberofcurrentchild=\count300
\tikz@fig@count=\count301

(C:\Users\smatw1\AppData\Local\Programs\MiKTeX\tex/generic/pgf/modules\pgfmodul
ematrix.code.tex
File: pgfmodulematrix.code.tex 2021/05/15 v3.1.9a (3.1.9a)
\pgfmatrixcurrentrow=\count302
\pgfmatrixcurrentcolumn=\count303
\pgf@matrix@numberofcolumns=\count304
)
\tikz@expandcount=\count305

(C:\Users\smatw1\AppData\Local\Programs\MiKTeX\tex/generic/pgf/frontendlayer/ti
kz/libraries\tikzlibrarytopaths.code.tex
File: tikzlibrarytopaths.code.tex 2021/05/15 v3.1.9a (3.1.9a)
)))
(C:\Users\smatw1\AppData\Local\Programs\MiKTeX\tex/latex/tools\xspace.sty
Package: xspace 2014/10/28 v1.13 Space after command names (DPC,MH)
)
(C:\Users\smatw1\AppData\Local\Programs\MiKTeX\tex/latex/l3packages/l3keys2e\l3
keys2e.sty
Package: l3keys2e 2021-11-12 LaTeX2e option processing using LaTeX3 keys
)
(C:\Users\smatw1\AppData\Local\Programs\MiKTeX\tex/generic/pgf/frontendlayer/ti
kz/libraries\tikzlibraryarrows.code.tex
File: tikzlibraryarrows.code.tex 2021/05/15 v3.1.9a (3.1.9a)

(C:\Users\smatw1\AppData\Local\Programs\MiKTeX\tex/generic/pgf/libraries\pgflib
raryarrows.code.tex
File: pgflibraryarrows.code.tex 2021/05/15 v3.1.9a (3.1.9a)
\arrowsize=\dimen270
))
(C:\Users\smatw1\AppData\Local\Programs\MiKTeX\tex/generic/pgf/frontendlayer/ti
kz/libraries\tikzlibrarydecorations.pathmorphing.code.tex
(C:\Users\smatw1\AppData\Local\Programs\MiKTeX\tex/generic/pgf/frontendlayer/ti
kz/libraries\tikzlibrarydecorations.code.tex
(C:\Users\smatw1\AppData\Local\Programs\MiKTeX\tex/generic/pgf/modules\pgfmodul
edecorations.code.tex
\pgfdecoratedcompleteddistance=\dimen271
\pgfdecoratedremainingdistance=\dimen272
\pgfdecoratedinputsegmentcompleteddistance=\dimen273
\pgfdecoratedinputsegmentremainingdistance=\dimen274
\pgf@decorate@distancetomove=\dimen275
\pgf@decorate@repeatstate=\count306
\pgfdecorationsegmentamplitude=\dimen276
\pgfdecorationsegmentlength=\dimen277
)
\tikz@lib@dec@box=\box65
)
(C:\Users\smatw1\AppData\Local\Programs\MiKTeX\tex/generic/pgf/libraries/decora
tions\pgflibrarydecorations.pathmorphing.code.tex))
(C:\Users\smatw1\AppData\Local\Programs\MiKTeX\tex/generic/pgf/frontendlayer/ti
kz/libraries\tikzlibrarytrees.code.tex
File: tikzlibrarytrees.code.tex 2021/05/15 v3.1.9a (3.1.9a)
)
\l__tikzsymbols_Moai_thickness_dim=\dimen278
\l__tikzsymbols_Kochtopf_nr_arguments_int=\count307
\l__tikzsymbols_Bratpfanne_nr_arguments_int=\count308
\l__tikzsymbols_Schneebesen_nr_arguments_int=\count309
\l__tikzsymbols_Sieb_nr_arguments_int=\count310
\l__tikzsymbols_Purierstab_nr_arguments_int=\count311
\l__tikzsymbols_Dreizack_nr_arguments_int=\count312
\l__tikzsymbols_Backblech_nr_arguments_int=\count313
\l__tikzsymbols_Ofen_nr_arguments_int=\count314
\l__tikzsymbols_Pfanne_nr_arguments_int=\count315
\l__tikzsymbols_Herd_nr_arguments_int=\count316
\l__tikzsymbols_Saftpresse_nr_arguments_int=\count317
\l__tikzsymbols_Schussel_nr_arguments_int=\count318
\l__tikzsymbols_Schaler_nr_arguments_int=\count319
\l__tikzsymbols_Reibe_nr_arguments_int=\count320
\l__tikzsymbols_Flasche_nr_arguments_int=\count321
\l__tikzsymbols_Nudelholz_nr_arguments_int=\count322
\l__tikzsymbols_Knoblauchpresse_nr_arguments_int=\count323
\l__tikzsymbols_Sadey_nr_arguments_int=\count324
\l__tikzsymbols_dSadey_nr_arguments_int=\count325
\l__tikzsymbols_Changey_nr_arguments_int=\count326
\l__tikzsymbols_dChangey_nr_arguments_int=\count327
\l__tikzsymbols_cChangey_nr_arguments_int=\count328
\l__tikzsymbols_dcChangey_nr_arguments_int=\count329
\l__tikzsymbols_Annoey_nr_arguments_int=\count330
\l__tikzsymbols_dAnnoey_nr_arguments_int=\count331
\l__tikzsymbols_Smiley_nr_arguments_int=\count332
\l__tikzsymbols_dSmiley_nr_arguments_int=\count333
\l__tikzsymbols_Laughey_nr_arguments_int=\count334
\l__tikzsymbols_dLaughey_nr_arguments_int=\count335
\l__tikzsymbols_Neutrey_nr_arguments_int=\count336
\l__tikzsymbols_dNeutrey_nr_arguments_int=\count337
\l__tikzsymbols_Winkey_nr_arguments_int=\count338
\l__tikzsymbols_oldWinkey_nr_arguments_int=\count339
\l__tikzsymbols_dWinkey_nr_arguments_int=\count340
\l__tikzsymbols_olddWinkey_nr_arguments_int=\count341
\l__tikzsymbols_Sey_nr_arguments_int=\count342
\l__tikzsymbols_dSey_nr_arguments_int=\count343
\l__tikzsymbols_Xey_nr_arguments_int=\count344
\l__tikzsymbols_dXey_nr_arguments_int=\count345
\l__tikzsymbols_Innocey_nr_arguments_int=\count346
\l__tikzsymbols_wInnocey_nr_arguments_int=\count347
\l__tikzsymbols_dInnocey_nr_arguments_int=\count348
\l__tikzsymbols_Cooley_nr_arguments_int=\count349
\l__tikzsymbols_dCooley_nr_arguments_int=\count350
\l__tikzsymbols_Tongey_nr_arguments_int=\count351
\l__tikzsymbols_dTongey_nr_arguments_int=\count352
\l__tikzsymbols_Nursey_nr_arguments_int=\count353
\l__tikzsymbols_dNursey_nr_arguments_int=\count354
\l__tikzsymbols_Vomey_nr_arguments_int=\count355
\l__tikzsymbols_dVomey_nr_arguments_int=\count356
\l__tikzsymbols_Walley_nr_arguments_int=\count357
\l__tikzsymbols_rWalley_nr_arguments_int=\count358
\l__tikzsymbols_dWalley_nr_arguments_int=\count359
\l__tikzsymbols_drWalley_nr_arguments_int=\count360
\l__tikzsymbols_Cat_nr_arguments_int=\count361
\l__tikzsymbols_SchrodingersCat_nr_arguments_int=\count362
\l__tikzsymbols_Ninja_nr_arguments_int=\count363
\l__tikzsymbols_dNinja_nr_arguments_int=\count364
\l__tikzsymbols_Sleepey_nr_arguments_int=\count365
\l__tikzsymbols_dSleepey_nr_arguments_int=\count366
\l__tikzsymbols_Maskey_nr_arguments_int=\count367
\l__tikzsymbols_NiceReapey_nr_arguments_int=\count368
\l__tikzsymbols_Strichmaxerl_nr_arguments_int=\count369
\l__tikzsymbols_Person_nr_arguments_int=\count370
\l__tikzsymbols_Heart_nr_arguments_int=\count371
\l__tikzsymbols_dHeart_nr_arguments_int=\count372
\l__tikzsymbols_HeartBroken_nr_arguments_int=\count373
\l__tikzsymbols_Candle_nr_arguments_int=\count374
\l__tikzsymbols_Fire_nr_arguments_int=\count375
\l__tikzsymbols_Coffeecup_nr_arguments_int=\count376
\l__tikzsymbols_Chair_nr_arguments_int=\count377
\l__tikzsymbols_Bed_nr_arguments_int=\count378
\l__tikzsymbols_Tribar_nr_arguments_int=\count379
\l__tikzsymbols_Moai_nr_arguments_int=\count380
\l__tikzsymbols_Snowman_nr_arguments_int=\count381
\l__tikzsymbols_BasicTree_nr_arguments_int=\count382
\l__tikzsymbols_WorstTree_nr_arguments_int=\count383
\l__tikzsymbols_Springtree_nr_arguments_int=\count384
\l__tikzsymbols_Summertree_nr_arguments_int=\count385
\l__tikzsymbols_Autumntree_nr_arguments_int=\count386
\l__tikzsymbols_Wintertree_nr_arguments_int=\count387
)
(C:\Users\smatw1\AppData\Local\Programs\MiKTeX\tex/generic/pgf/libraries\pgflib
raryarrows.meta.code.tex
File: pgflibraryarrows.meta.code.tex 2021/05/15 v3.1.9a (3.1.9a)
\pgfarrowinset=\dimen279
\pgfarrowlength=\dimen280
\pgfarrowwidth=\dimen281
\pgfarrowlinewidth=\dimen282
)
\colveccount=\count388

(C:\Users\smatw1\AppData\Local\Programs\MiKTeX\tex/generic/pgf/frontendlayer/ti
kz/libraries\tikzlibrarydecorations.markings.code.tex
(C:\Users\smatw1\AppData\Local\Programs\MiKTeX\tex/generic/pgf/libraries/decora
tions\pgflibrarydecorations.markings.code.tex))
\saddle=\box66
\sink=\box67
\source=\box68
\spiralsink=\box69
\spiralsource=\box70
\centre=\box71

(C:\Users\smatw1\AppData\Local\Programs\MiKTeX\tex/latex/carlisle\slashed.sty
Package: slashed 1997/01/16 v0.01 Feynman Slashed Character Notation (DPC)
)
(C:\Users\smatw1\AppData\Local\Programs\MiKTeX\tex/latex/lineno\lineno.sty
Package: lineno 2005/11/02 line numbers on paragraphs v4.41
\linenopenalty=\count389
\output=\toks34
\linenoprevgraf=\count390
\linenumbersep=\dimen283
\linenumberwidth=\dimen284
\c@linenumber=\count391
\c@pagewiselinenumber=\count392
\c@LN@truepage=\count393
\c@internallinenumber=\count394
\c@internallinenumbers=\count395
\quotelinenumbersep=\dimen285
\bframerule=\dimen286
\bframesep=\dimen287
\bframebox=\box72
LaTeX Info: Redefining \\ on input line 3056.
)
(C:\Users\smatw1\AppData\Local\Programs\MiKTeX\tex/latex/base\latexsym.sty
Package: latexsym 1998/08/17 v2.2e Standard LaTeX package (lasy symbols)
\symlasy=\mathgroup4
LaTeX Font Info:    Overwriting symbol font `lasy' in version `bold'
(Font)                  U/lasy/m/n --> U/lasy/b/n on input line 52.
)
(C:\Users\smatw1\AppData\Local\Programs\MiKTeX\tex/latex/subfigure\subfigure.st
y
Package: subfigure 2002/07/30 v2.1.4 subfigure package
\subfigtopskip=\skip57
\subfigcapskip=\skip58
\subfigcaptopadj=\dimen288
\subfigbottomskip=\skip59
\subfigcapmargin=\dimen289
\subfiglabelskip=\skip60
\c@subfigure=\count396
\c@lofdepth=\count397
\c@subtable=\count398
\c@lotdepth=\count399

****************************************
* Local config file subfigure.cfg used *
****************************************

(C:\Users\smatw1\AppData\Local\Programs\MiKTeX\tex/latex/subfigure\subfigure.cf
g)
\subfig@top=\skip61
\subfig@bottom=\skip62
)
(C:\Users\smatw1\AppData\Local\Programs\MiKTeX\tex/latex/amsfonts\amssymb.sty
Package: amssymb 2013/01/14 v3.01 AMS font symbols

(C:\Users\smatw1\AppData\Local\Programs\MiKTeX\tex/latex/amsfonts\amsfonts.sty
Package: amsfonts 2013/01/14 v3.01 Basic AMSFonts support
\symAMSa=\mathgroup5
\symAMSb=\mathgroup6
LaTeX Font Info:    Redeclaring math symbol \hbar on input line 98.
LaTeX Font Info:    Overwriting math alphabet `\mathfrak' in version `bold'
(Font)                  U/euf/m/n --> U/euf/b/n on input line 106.
)) (C:\Users\smatw1\AppData\Local\Programs\MiKTeX\tex/latex/amscls\amsthm.sty
Package: amsthm 2020/05/29 v2.20.6
\thm@style=\toks35
\thm@bodyfont=\toks36
\thm@headfont=\toks37
\thm@notefont=\toks38
\thm@headpunct=\toks39
\thm@preskip=\skip63
\thm@postskip=\skip64
\thm@headsep=\skip65
\dth@everypar=\toks40
)
\c@thm=\count400
\c@defin=\count401

(C:\Users\smatw1\AppData\Local\Programs\MiKTeX\tex/latex/multirow\multirow.sty
Package: multirow 2021/03/15 v2.8 Span multiple rows of a table
\multirow@colwidth=\skip66
\multirow@cntb=\count402
\multirow@dima=\skip67
\bigstrutjot=\dimen290
) (C:\Users\smatw1\AppData\Local\Programs\MiKTeX\tex/latex/tools\bm.sty
Package: bm 2021/04/25 v1.2e Bold Symbol Support (DPC/FMi)
\symboldoperators=\mathgroup7
\symboldletters=\mathgroup8
\symboldsymbols=\mathgroup9
Package bm Info: No bold for \OMX/cmex/m/n, using \pmb.
\symboldlasy=\mathgroup10
Package bm Info: No bold for \U/msa/m/n, using \pmb.
Package bm Info: No bold for \U/msb/m/n, using \pmb.
LaTeX Font Info:    Redeclaring math alphabet \mathbf on input line 149.
)
(C:\Users\smatw1\AppData\Local\Programs\MiKTeX\tex/latex/tools\enumerate.sty
Package: enumerate 2015/07/23 v3.00 enumerate extensions (DPC)
\@enLab=\toks41
)
(C:\Users\smatw1\AppData\Local\Programs\MiKTeX\tex/latex/framed\framed.sty
Package: framed 2011/10/22 v 0.96: framed or shaded text with page breaks
\OuterFrameSep=\skip68
\fb@frw=\dimen291
\fb@frh=\dimen292
\FrameRule=\dimen293
\FrameSep=\dimen294
)
(C:\Users\smatw1\AppData\Local\Programs\MiKTeX\tex/generic/soul\soul.sty
Package: soul 2003/11/17 v2.4 letterspacing/underlining (mf)
\SOUL@word=\toks42
\SOUL@lasttoken=\toks43
\SOUL@cmds=\toks44
\SOUL@buffer=\toks45
\SOUL@token=\toks46
\SOUL@spaceskip=\skip69
\SOUL@ttwidth=\dimen295
\SOUL@uldp=\dimen296
\SOUL@ulht=\dimen297
)
(C:\Users\smatw1\AppData\Local\Programs\MiKTeX\tex/latex/geometry\geometry.sty
Package: geometry 2020/01/02 v5.9 Page Geometry

(C:\Users\smatw1\AppData\Local\Programs\MiKTeX\tex/generic/iftex\ifvtex.sty
Package: ifvtex 2019/10/25 v1.7 ifvtex legacy package. Use iftex instead.
)
\Gm@cnth=\count403
\Gm@cntv=\count404
\c@Gm@tempcnt=\count405
\Gm@bindingoffset=\dimen298
\Gm@wd@mp=\dimen299
\Gm@odd@mp=\dimen300
\Gm@even@mp=\dimen301
\Gm@layoutwidth=\dimen302
\Gm@layoutheight=\dimen303
\Gm@layouthoffset=\dimen304
\Gm@layoutvoffset=\dimen305
\Gm@dimlist=\toks47

(C:\Users\smatw1\AppData\Local\Programs\MiKTeX\tex/latex/geometry\geometry.cfg)
) (C:\Users\smatw1\AppData\Local\Programs\MiKTeX\tex/fonts/ifsym\ifsym.sty
Package: ifsym 2000/04/18 I.Kloeckl
\c@ifsymcnt=\count406
)
(C:\Users\smatw1\AppData\Local\Programs\MiKTeX\tex/latex/blkarray\blkarray.sty
Package: blkarray 2015/02/27 v0.07 Block array (dpc)
\c@BAenumi=\count407
\BA@col=\count408
\BA@block@cnt=\count409
\BA@final@box=\box73
\BA@first@box=\box74
\BA@colsep=\dimen306
\BA@ftn=\toks48
\BAextrarowheight=\dimen307
\BAextraheightafterhline=\dimen308
\BAarrayrulewidth=\dimen309
\BAdoublerulesep=\dimen310
\BAfootskip=\dimen311
\BA@dashbox=\box75
\BA@ddashbox=\box76
) (C:\Users\smatw1\AppData\Local\Programs\MiKTeX\tex/latex/setspace\setspace.st
y
Package: setspace 2011/12/19 v6.7a set line spacing
) (C:\Users\smatw1\AppData\Local\Programs\MiKTeX\tex/latex/natbib\natbib.sty
Package: natbib 2010/09/13 8.31b (PWD, AO)
\bibhang=\skip70
\bibsep=\skip71
LaTeX Info: Redefining \cite on input line 694.
\c@NAT@ctr=\count410
)
(C:\Users\smatw1\AppData\Local\Programs\MiKTeX\tex/latex/subfiles\subfiles.sty
Package: subfiles 2020/11/14 v2.2 Multi-file projects (package)

(C:\Users\smatw1\AppData\Local\Programs\MiKTeX\tex/latex/import\import.sty
Package: import 2020/04/01  v 6.2
))
(C:\Users\smatw1\AppData\Local\Programs\MiKTeX\tex/latex/caption\caption.sty
Package: caption 2020/10/26 v3.5g Customizing captions (AR)

(C:\Users\smatw1\AppData\Local\Programs\MiKTeX\tex/latex/caption\caption3.sty
Package: caption3 2020/10/21 v2.2e caption3 kernel (AR)
\captionmargin=\dimen312
\captionmargin@=\dimen313
\captionwidth=\dimen314
\caption@tempdima=\dimen315
\caption@indent=\dimen316
\caption@parindent=\dimen317
\caption@hangindent=\dimen318
Package caption Info: Standard document class detected.
)
\c@caption@flags=\count411
\c@continuedfloat=\count412
Package caption Info: hyperref package is loaded.
Package caption Info: subfigure package is loaded.
) (C:\Users\smatw1\AppData\Local\Programs\MiKTeX\tex/latex/mdframed\mdframed.st
y
Package: mdframed 2013/07/01 1.9b: mdframed
(C:\Users\smatw1\AppData\Local\Programs\MiKTeX\tex/latex/etoolbox\etoolbox.sty
Package: etoolbox 2020/10/05 v2.5k e-TeX tools for LaTeX (JAW)
\etb@tempcnta=\count413
) (C:\Users\smatw1\AppData\Local\Programs\MiKTeX\tex/latex/zref\zref-abspage.st
y
Package: zref-abspage 2020-07-03 v2.32 Module abspage for zref (HO)
(C:\Users\smatw1\AppData\Local\Programs\MiKTeX\tex/latex/zref\zref-base.sty
Package: zref-base 2020-07-03 v2.32 Module base for zref (HO)
Package zref Info: New property list: main on input line 764.
Package zref Info: New property: default on input line 765.
Package zref Info: New property: page on input line 766.
)
\c@abspage=\count414
Package zref Info: New property: abspage on input line 66.
)
(C:\Users\smatw1\AppData\Local\Programs\MiKTeX\tex/latex/needspace\needspace.st
y
Package: needspace 2010/09/12 v1.3d reserve vertical space
)
\mdf@templength=\skip72
\c@mdf@globalstyle@cnt=\count415
\mdf@skipabove@length=\skip73
\mdf@skipbelow@length=\skip74
\mdf@leftmargin@length=\skip75
\mdf@rightmargin@length=\skip76
\mdf@innerleftmargin@length=\skip77
\mdf@innerrightmargin@length=\skip78
\mdf@innertopmargin@length=\skip79
\mdf@innerbottommargin@length=\skip80
\mdf@splittopskip@length=\skip81
\mdf@splitbottomskip@length=\skip82
\mdf@outermargin@length=\skip83
\mdf@innermargin@length=\skip84
\mdf@linewidth@length=\skip85
\mdf@innerlinewidth@length=\skip86
\mdf@middlelinewidth@length=\skip87
\mdf@outerlinewidth@length=\skip88
\mdf@roundcorner@length=\skip89
\mdf@footenotedistance@length=\skip90
\mdf@userdefinedwidth@length=\skip91
\mdf@needspace@length=\skip92
\mdf@frametitleaboveskip@length=\skip93
\mdf@frametitlebelowskip@length=\skip94
\mdf@frametitlerulewidth@length=\skip95
\mdf@frametitleleftmargin@length=\skip96
\mdf@frametitlerightmargin@length=\skip97
\mdf@shadowsize@length=\skip98
\mdf@extratopheight@length=\skip99
\mdf@subtitleabovelinewidth@length=\skip100
\mdf@subtitlebelowlinewidth@length=\skip101
\mdf@subtitleaboveskip@length=\skip102
\mdf@subtitlebelowskip@length=\skip103
\mdf@subtitleinneraboveskip@length=\skip104
\mdf@subtitleinnerbelowskip@length=\skip105
\mdf@subsubtitleabovelinewidth@length=\skip106
\mdf@subsubtitlebelowlinewidth@length=\skip107
\mdf@subsubtitleaboveskip@length=\skip108
\mdf@subsubtitlebelowskip@length=\skip109
\mdf@subsubtitleinneraboveskip@length=\skip110
\mdf@subsubtitleinnerbelowskip@length=\skip111

(C:\Users\smatw1\AppData\Local\Programs\MiKTeX\tex/latex/mdframed\md-frame-1.md
f
File: md-frame-1.mdf 2013/07/01\ 1.9b: md-frame-1
)
\mdf@frametitlebox=\box77
\mdf@footnotebox=\box78
\mdf@splitbox@one=\box79
\mdf@splitbox@two=\box80
\mdf@splitbox@save=\box81
\mdfsplitboxwidth=\skip112
\mdfsplitboxtotalwidth=\skip113
\mdfsplitboxheight=\skip114
\mdfsplitboxdepth=\skip115
\mdfsplitboxtotalheight=\skip116
\mdfframetitleboxwidth=\skip117
\mdfframetitleboxtotalwidth=\skip118
\mdfframetitleboxheight=\skip119
\mdfframetitleboxdepth=\skip120
\mdfframetitleboxtotalheight=\skip121
\mdffootnoteboxwidth=\skip122
\mdffootnoteboxtotalwidth=\skip123
\mdffootnoteboxheight=\skip124
\mdffootnoteboxdepth=\skip125
\mdffootnoteboxtotalheight=\skip126
\mdftotallinewidth=\skip127
\mdfboundingboxwidth=\skip128
\mdfboundingboxtotalwidth=\skip129
\mdfboundingboxheight=\skip130
\mdfboundingboxdepth=\skip131
\mdfboundingboxtotalheight=\skip132
\mdf@freevspace@length=\skip133
\mdf@horizontalwidthofbox@length=\skip134
\mdf@verticalmarginwhole@length=\skip135
\mdf@horizontalspaceofbox=\skip136
\mdfsubtitleheight=\skip137
\mdfsubsubtitleheight=\skip138
\c@mdfcountframes=\count416

****** mdframed patching \endmdf@trivlist

****** -- success******

\mdf@envdepth=\count417
\c@mdf@env@i=\count418
\c@mdf@env@ii=\count419
\c@mdf@zref@counter=\count420
Package zref Info: New property: mdf@pagevalue on input line 895.
)
\c@example=\count421

(C:\Users\smatw1\AppData\Local\Programs\MiKTeX\tex/latex/enumitem\enumitem.sty
Package: enumitem 2019/06/20 v3.9 Customized lists
\labelindent=\skip139
\enit@outerparindent=\dimen319
\enit@toks=\toks49
\enit@inbox=\box82
\enit@count@id=\count422
\enitdp@description=\count423
)
\enitdp@todolist=\count424
\mybox=\box83
(Master.aux (Introduction.aux) (How_to_model_a_system.aux)
(Non-dimensionalisation.aux) (Stationary_states_and_stability.aux)
(Stability_of_ODE_systems.aux) (Phase_plane_analysis.aux)
(Putting_it_all_together.aux))
\openout1 = `Master.aux'.

LaTeX Font Info:    Checking defaults for OML/cmm/m/it on input line 278.
LaTeX Font Info:    ... okay on input line 278.
LaTeX Font Info:    Checking defaults for OMS/cmsy/m/n on input line 278.
LaTeX Font Info:    ... okay on input line 278.
LaTeX Font Info:    Checking defaults for OT1/cmr/m/n on input line 278.
LaTeX Font Info:    ... okay on input line 278.
LaTeX Font Info:    Checking defaults for T1/cmr/m/n on input line 278.
LaTeX Font Info:    ... okay on input line 278.
LaTeX Font Info:    Checking defaults for TS1/cmr/m/n on input line 278.
LaTeX Font Info:    ... okay on input line 278.
LaTeX Font Info:    Checking defaults for OMX/cmex/m/n on input line 278.
LaTeX Font Info:    ... okay on input line 278.
LaTeX Font Info:    Checking defaults for U/cmr/m/n on input line 278.
LaTeX Font Info:    ... okay on input line 278.
LaTeX Font Info:    Checking defaults for PD1/pdf/m/n on input line 278.
LaTeX Font Info:    ... okay on input line 278.
LaTeX Font Info:    Checking defaults for PU/pdf/m/n on input line 278.
LaTeX Font Info:    ... okay on input line 278.
Package hyperref Info: Link coloring OFF on input line 278.

(C:\Users\smatw1\AppData\Local\Programs\MiKTeX\tex/latex/hyperref\nameref.sty
Package: nameref 2021-04-02 v2.47 Cross-referencing by name of section

(C:\Users\smatw1\AppData\Local\Programs\MiKTeX\tex/latex/refcount\refcount.sty
Package: refcount 2019/12/15 v3.6 Data extraction from label references (HO)
)
(C:\Users\smatw1\AppData\Local\Programs\MiKTeX\tex/generic/gettitlestring\getti
tlestring.sty
Package: gettitlestring 2019/12/15 v1.6 Cleanup title references (HO)
)
\c@section@level=\count425
)
LaTeX Info: Redefining \ref on input line 278.
LaTeX Info: Redefining \pageref on input line 278.
LaTeX Info: Redefining \nameref on input line 278.
 (Master.out) (Master.out)
\@outlinefile=\write4
\openout4 = `Master.out'.


(C:\Users\smatw1\AppData\Local\Programs\MiKTeX\tex/context/base/mkii\supp-pdf.m
kii
[Loading MPS to PDF converter (version 2006.09.02).]
\scratchcounter=\count426
\scratchdimen=\dimen320
\scratchbox=\box84
\nofMPsegments=\count427
\nofMParguments=\count428
\everyMPshowfont=\toks50
\MPscratchCnt=\count429
\MPscratchDim=\dimen321
\MPnumerator=\count430
\makeMPintoPDFobject=\count431
\everyMPtoPDFconversion=\toks51
)
(C:\Users\smatw1\AppData\Local\Programs\MiKTeX\tex/latex/epstopdf-pkg\epstopdf-
base.sty
Package: epstopdf-base 2020-01-24 v2.11 Base part for package epstopdf
Package epstopdf-base Info: Redefining graphics rule for `.eps' on input line 4
85.

(C:\Users\smatw1\AppData\Local\Programs\MiKTeX\tex/latex/00miktex\epstopdf-sys.
cfg
File: epstopdf-sys.cfg 2021/03/18 v2.0 Configuration of epstopdf for MiKTeX
))
*geometry* driver: auto-detecting
*geometry* detected driver: pdftex
*geometry* verbose mode - [ preamble ] result:
* driver: pdftex
* paper: <default>
* layout: <same size as paper>
* layoutoffset:(h,v)=(0.0pt,0.0pt)
* hratio: 1:1
* vratio: 1:1
* modes: 
* h-part:(L,W,R)=(85.35826pt, 443.57848pt, 85.35826pt)
* v-part:(T,H,B)=(85.35826pt, 624.25346pt, 85.35826pt)
* \paperwidth=614.295pt
* \paperheight=794.96999pt
* \textwidth=443.57848pt
* \textheight=624.25346pt
* \oddsidemargin=13.08827pt
* \evensidemargin=13.08827pt
* \topmargin=-16.97922pt
* \headheight=12.0pt
* \headsep=18.06749pt
* \topskip=10.0pt
* \footskip=25.29494pt
* \marginparwidth=69.0pt
* \marginparsep=7.0pt
* \columnsep=10.0pt
* \skip\footins=9.0pt plus 4.0pt minus 2.0pt
* \hoffset=0.0pt
* \voffset=0.0pt
* \mag=1000
* \@twocolumnfalse
* \@twosidefalse
* \@mparswitchfalse
* \@reversemarginfalse
* (1in=72.27pt=25.4mm, 1cm=28.453pt)

Package caption Info: Begin \AtBeginDocument code.
Package caption Info: End \AtBeginDocument code.
<../Pictures/Front_image.png, id=158, 1121.69063pt x 620.3175pt>
File: ../Pictures/Front_image.png Graphic file (type png)
<use ../Pictures/Front_image.png>
Package pdftex.def Info: ../Pictures/Front_image.png  used on input line 286.
(pdftex.def)             Requested size: 443.57848pt x 245.30196pt.
[1{C:/Users/smatw1/AppData/Local/MiKTeX/fonts/map/pdftex/pdftex.map}

 <../Pictures/Front_image.png (PNG copy)>] (Master.toc
LaTeX Font Info:    Trying to load font information for U+lasy on input line 2.


(C:\Users\smatw1\AppData\Local\Programs\MiKTeX\tex/latex/base\ulasy.fd
File: ulasy.fd 1998/08/17 v2.2e LaTeX symbol font definitions
)
LaTeX Font Info:    Trying to load font information for U+msa on input line 2.

(C:\Users\smatw1\AppData\Local\Programs\MiKTeX\tex/latex/amsfonts\umsa.fd
File: umsa.fd 2013/01/14 v3.01 AMS symbols A
)
LaTeX Font Info:    Trying to load font information for U+msb on input line 2.

(C:\Users\smatw1\AppData\Local\Programs\MiKTeX\tex/latex/amsfonts\umsb.fd
File: umsb.fd 2013/01/14 v3.01 AMS symbols B
)
LaTeX Font Info:    Font shape `U/lasy/b/n' in size <7> not available
(Font)              Font shape `U/lasy/m/n' tried instead on input line 2.
LaTeX Font Info:    Font shape `U/lasy/b/n' in size <5> not available
(Font)              Font shape `U/lasy/m/n' tried instead on input line 2.

[2

])
\tf@toc=\write5
\openout5 = `Master.toc'.

 [3]
\openout2 = `Introduction.aux'.

 (Introduction.tex
Chapter 1.
LaTeX Font Info:    Font shape `U/lasy/b/n' in size <8> not available
(Font)              Font shape `U/lasy/m/n' tried instead on input line 29.
LaTeX Font Info:    Font shape `U/lasy/b/n' in size <6> not available
(Font)              Font shape `U/lasy/m/n' tried instead on input line 29.
[4


]
Package mdframed Info: mdframed detected package amsthm 
 changed the theorem header of amsthm
(mdframed)              on input line 43.
<../Pictures/Bacteria.png, id=237, 939.51pt x 424.58624pt>
File: ../Pictures/Bacteria.png Graphic file (type png)
<use ../Pictures/Bacteria.png>
Package pdftex.def Info: ../Pictures/Bacteria.png  used on input line 63.
(pdftex.def)             Requested size: 423.57848pt x 191.42485pt.
Package mdframed Info: mdframed detected package amsthm 
 changed the theorem header of amsthm
(mdframed)              on input line 65.
 [5]
Package mdframed Info: mdframed detected package amsthm 
 changed the theorem header of amsthm
(mdframed)              on input line 68.
Package mdframed Info: mdframed detected package amsthm 
 changed the theorem header of amsthm
(mdframed)              on input line 103.
 [6 <../Pictures/Bacteria.png>]
<../Pictures/Exponential.png, id=269, 267.24844pt x 199.74625pt>
File: ../Pictures/Exponential.png Graphic file (type png)
<use ../Pictures/Exponential.png>
Package pdftex.def Info: ../Pictures/Exponential.png  used on input line 106.
(pdftex.def)             Requested size: 199.60895pt x 149.19669pt.
<../Pictures/Logistic.png, id=270, 267.24844pt x 199.74625pt>
File: ../Pictures/Logistic.png Graphic file (type png)
<use ../Pictures/Logistic.png>
Package pdftex.def Info: ../Pictures/Logistic.png  used on input line 107.
(pdftex.def)             Requested size: 199.60895pt x 149.19669pt.
Package mdframed Info: mdframed detected package amsthm 
 changed the theorem header of amsthm
(mdframed)              on input line 112.
Package mdframed Info: mdframed detected package amsthm 
 changed the theorem header of amsthm
(mdframed)              on input line 119.
 [7 <../Pictures/Exponential.png (PNG copy)> <../Pictures/Logistic.png (PNG cop
y)>]
<../Pictures/Duffing_beam.png, id=288, 53.42732pt x 69.40782pt>
File: ../Pictures/Duffing_beam.png Graphic file (type png)
<use ../Pictures/Duffing_beam.png>
Package pdftex.def Info: ../Pictures/Duffing_beam.png  used on input line 122.
(pdftex.def)             Requested size: 133.07489pt x 172.8953pt.
<../Pictures/Duffing.png, id=289, 800.9925pt x 641.14531pt>
File: ../Pictures/Duffing.png Graphic file (type png)
<use ../Pictures/Duffing.png>
Package pdftex.def Info: ../Pictures/Duffing.png  used on input line 123.
(pdftex.def)             Requested size: 443.57848pt x 355.0572pt.
Package mdframed Info: mdframed detected package amsthm 
 changed the theorem header of amsthm
(mdframed)              on input line 169.
Package mdframed Info: mdframed detected package amsthm 
 changed the theorem header of amsthm
(mdframed)              on input line 180.
 [8] [9 <../Pictures/Duffing_beam.png> <../Pictures/Duffing.png (PNG copy)>]
Package mdframed Info: Not enough space on this page on input line 180.
<../Pictures/Trisectrix.png, id=325, 345.54094pt x 277.035pt>
File: ../Pictures/Trisectrix.png Graphic file (type png)
<use ../Pictures/Trisectrix.png>
Package pdftex.def Info: ../Pictures/Trisectrix.png  used on input line 193.
(pdftex.def)             Requested size: 199.60895pt x 160.03787pt.
 [10 <../Pictures/Trisectrix.png (PNG copy)>]
<../Pictures/Intersection.png, id=343, 255.20343pt x 194.22563pt>
File: ../Pictures/Intersection.png Graphic file (type png)
<use ../Pictures/Intersection.png>
Package pdftex.def Info: ../Pictures/Intersection.png  used on input line 228.
(pdftex.def)             Requested size: 199.60895pt x 151.92213pt.
<../Pictures/Non_monotonic.png, id=347, 256.20718pt x 208.52907pt>
File: ../Pictures/Non_monotonic.png Graphic file (type png)
<use ../Pictures/Non_monotonic.png>
Package pdftex.def Info: ../Pictures/Non_monotonic.png  used on input line 241.

(pdftex.def)             Requested size: 141.94835pt x 115.53136pt.
<../Pictures/Monotonic.png, id=348, 257.96375pt x 193.47281pt>
File: ../Pictures/Monotonic.png Graphic file (type png)
<use ../Pictures/Monotonic.png>
Package pdftex.def Info: ../Pictures/Monotonic.png  used on input line 242.
(pdftex.def)             Requested size: 141.94835pt x 106.4635pt.
<../Pictures/Strictly_monotonic.png, id=349, 255.20343pt x 194.22563pt>
File: ../Pictures/Strictly_monotonic.png Graphic file (type png)
<use ../Pictures/Strictly_monotonic.png>
Package pdftex.def Info: ../Pictures/Strictly_monotonic.png  used on input line
 243.
(pdftex.def)             Requested size: 141.94835pt x 108.03654pt.
 [11 <../Pictures/Intersection.png (PNG copy)>] [12 <../Pictures/Non_monotonic.
png (PNG copy)> <../Pictures/Monotonic.png (PNG copy)> <../Pictures/Strictly_mo
notonic.png (PNG copy)>]
Package mdframed Info: mdframed detected package amsthm 
 changed the theorem header of amsthm
(mdframed)              on input line 281.
Package mdframed Info: mdframed detected package amsthm 
 changed the theorem header of amsthm
(mdframed)              on input line 306.
<../Pictures/Taylor_approximations.png, id=379, 938.00438pt x 300.12125pt>
File: ../Pictures/Taylor_approximations.png Graphic file (type png)
<use ../Pictures/Taylor_approximations.png>
Package pdftex.def Info: ../Pictures/Taylor_approximations.png  used on input l
ine 309.
(pdftex.def)             Requested size: 443.57848pt x 141.92252pt.
 [13 <../Pictures/Taylor_approximations.png (PNG copy)>]
Package mdframed Info: mdframed detected package amsthm 
 changed the theorem header of amsthm
(mdframed)              on input line 346.
Package mdframed Info: mdframed detected package amsthm 
 changed the theorem header of amsthm
(mdframed)              on input line 359.
<../Pictures/Polars.png, id=396, 194.87543pt x 149.358pt>
File: ../Pictures/Polars.png Graphic file (type png)
<use ../Pictures/Polars.png>
Package pdftex.def Info: ../Pictures/Polars.png  used on input line 365.
(pdftex.def)             Requested size: 199.60895pt x 152.99721pt.
 [14]
Package mdframed Info: mdframed detected package amsthm 
 changed the theorem header of amsthm
(mdframed)              on input line 384.
Package mdframed Info: mdframed detected package amsthm 
 changed the theorem header of amsthm
(mdframed)              on input line 411.
 [15 <../Pictures/Polars.png>]
Package mdframed Info: mdframed detected package amsthm 
 changed the theorem header of amsthm
(mdframed)              on input line 414.
Package mdframed Info: mdframed detected package amsthm 
 changed the theorem header of amsthm
(mdframed)              on input line 449.
Package mdframed Info: mdframed detected package amsthm 
 changed the theorem header of amsthm
(mdframed)              on input line 451.
Package mdframed Info: mdframed detected package amsthm 
 changed the theorem header of amsthm
(mdframed)              on input line 491.
 [16]
<../Pictures/Polar_plot.png, id=447, 312.66812pt x 245.16594pt>
File: ../Pictures/Polar_plot.png Graphic file (type png)
<use ../Pictures/Polar_plot.png>
Package pdftex.def Info: ../Pictures/Polar_plot.png  used on input line 494.
(pdftex.def)             Requested size: 199.60895pt x 156.52034pt.
 [17]) [18 <../Pictures/Polar_plot.png (PNG copy)>]
\openout2 = `How_to_model_a_system.aux'.

 (How_to_model_a_system.tex
Chapter 2.
<../Pictures/Modelling_loop.png, id=479, 1004.25188pt x 670.00313pt>
File: ../Pictures/Modelling_loop.png Graphic file (type png)
<use ../Pictures/Modelling_loop.png>
Package pdftex.def Info: ../Pictures/Modelling_loop.png  used on input line 13.

(pdftex.def)             Requested size: 443.57848pt x 295.94731pt.
Package mdframed Info: mdframed detected package amsthm 
 changed the theorem header of amsthm
(mdframed)              on input line 37.
Package mdframed Info: mdframed detected package amsthm 
 changed the theorem header of amsthm
(mdframed)              on input line 59.
[19




]
Package mdframed Info: Not enough space on this page on input line 59.
 [20 <../Pictures/Modelling_loop.png>]
<../Pictures/Three_body_problem.png, id=500, 211.35805pt x 159.75473pt>
File: ../Pictures/Three_body_problem.png Graphic file (type png)
<use ../Pictures/Three_body_problem.png>
Package pdftex.def Info: ../Pictures/Three_body_problem.png  used on input line
 85.
(pdftex.def)             Requested size: 199.60895pt x 150.88368pt.
Package mdframed Info: mdframed detected package amsthm 
 changed the theorem header of amsthm
(mdframed)              on input line 90.
Package mdframed Info: mdframed detected package amsthm 
 changed the theorem header of amsthm
(mdframed)              on input line 109.
 [21 <../Pictures/Three_body_problem.png>]
<../Pictures/Three_body_sim.png, id=515, 951.555pt x 511.15968pt>
File: ../Pictures/Three_body_sim.png Graphic file (type png)
<use ../Pictures/Three_body_sim.png>
Package pdftex.def Info: ../Pictures/Three_body_sim.png  used on input line 112
.
(pdftex.def)             Requested size: 443.57848pt x 238.28735pt.
<../Pictures/Spring.png, id=518, 215.1237pt x 340.6326pt>
File: ../Pictures/Spring.png Graphic file (type png)
<use ../Pictures/Spring.png>
Package pdftex.def Info: ../Pictures/Spring.png  used on input line 133.
(pdftex.def)             Requested size: 199.60895pt x 316.08336pt.
<../Pictures/Pendulum.png, id=519, 215.1237pt x 335.3328pt>
File: ../Pictures/Pendulum.png Graphic file (type png)
<use ../Pictures/Pendulum.png>
Package pdftex.def Info: ../Pictures/Pendulum.png  used on input line 134.
(pdftex.def)             Requested size: 199.60895pt x 311.16551pt.
 [22]
<../Pictures/Comparing_pendulums_IC_1.png, id=547, 386.94562pt x 291.84032pt>
File: ../Pictures/Comparing_pendulums_IC_1.png Graphic file (type png)
<use ../Pictures/Comparing_pendulums_IC_1.png>
Package pdftex.def Info: ../Pictures/Comparing_pendulums_IC_1.png  used on inpu
t line 161.
(pdftex.def)             Requested size: 199.60895pt x 150.54659pt.
<../Pictures/Comparing_pendulums_IC_10.png, id=548, 386.19281pt x 291.84032pt>
File: ../Pictures/Comparing_pendulums_IC_10.png Graphic file (type png)
<use ../Pictures/Comparing_pendulums_IC_10.png>
Package pdftex.def Info: ../Pictures/Comparing_pendulums_IC_10.png  used on inp
ut line 162.
(pdftex.def)             Requested size: 199.60895pt x 150.84048pt.
 [23 <../Pictures/Three_body_sim.png (PNG copy)>] [24 <../Pictures/Spring.png> 
<../Pictures/Pendulum.png>]
Package mdframed Info: mdframed detected package amsthm 
 changed the theorem header of amsthm
(mdframed)              on input line 193.
Package mdframed Info: mdframed detected package amsthm 
 changed the theorem header of amsthm
(mdframed)              on input line 225.
 [25 <../Pictures/Comparing_pendulums_IC_1.png (PNG copy)> <../Pictures/Compari
ng_pendulums_IC_10.png (PNG copy)>]
Package mdframed Info: mdframed detected package amsthm 
 changed the theorem header of amsthm
(mdframed)              on input line 247.
Package mdframed Info: mdframed detected package amsthm 
 changed the theorem header of amsthm
(mdframed)              on input line 274.

[26
pdfTeX warning (ext4): destination with the same identifier (name{equation.2.2.
24}) has been already used, duplicate ignored
<argument> ...shipout:D \box_use:N \l_shipout_box 
                                                  \__shipout_drop_firstpage_...
l.274 \end{example}
                   ]
Package mdframed Info: Not enough space on this page on input line 274.
Package mdframed Info: mdframed detected package amsthm 
 changed the theorem header of amsthm
(mdframed)              on input line 278.
Package mdframed Info: mdframed detected package amsthm 
 changed the theorem header of amsthm
(mdframed)              on input line 297.
Package mdframed Info: Box was splittet wrong
 starting loop to iterate the splitting point
(mdframed)              on input line 297.
 [27]
<../Pictures/Zombies.png, id=620, 3133.7075pt x 2271.48625pt>
File: ../Pictures/Zombies.png Graphic file (type png)
<use ../Pictures/Zombies.png>
Package pdftex.def Info: ../Pictures/Zombies.png  used on input line 300.
(pdftex.def)             Requested size: 443.57848pt x 321.50658pt.
) [28 <../Pictures/Zombies.png>]
\openout2 = `Non-dimensionalisation.aux'.


(Non-dimensionalisation.tex
Chapter 3.
[29




]
Package mdframed Info: mdframed detected package amsthm 
 changed the theorem header of amsthm
(mdframed)              on input line 31.
Package mdframed Info: mdframed detected package amsthm 
 changed the theorem header of amsthm
(mdframed)              on input line 126.
Package mdframed Info: Box was splittet wrong
 starting loop to iterate the splitting point
(mdframed)              on input line 126.
 [30
pdfTeX warning (ext4): destination with the same identifier (name{equation.3.1.
2}) has been already used, duplicate ignored
<argument> ...shipout:D \box_use:N \l_shipout_box 
                                                  \__shipout_drop_firstpage_...
l.126 \end{example}
                   ] [31
pdfTeX warning (ext4): destination with the same identifier (name{equation.3.1.
2}) has been already used, duplicate ignored
<argument> ...shipout:D \box_use:N \l_shipout_box 
                                                  \__shipout_drop_firstpage_...
l.126 \end{example}
                   
pdfTeX warning (ext4): destination with the same identifier (name{equation.3.1.
2}) has been already used, duplicate ignored
<argument> ...shipout:D \box_use:N \l_shipout_box 
                                                  \__shipout_drop_firstpage_...
l.126 \end{example}
                   
pdfTeX warning (ext4): destination with the same identifier (name{equation.3.1.
3}) has been already used, duplicate ignored
<argument> ...shipout:D \box_use:N \l_shipout_box 
                                                  \__shipout_drop_firstpage_...
l.126 \end{example}
                   
pdfTeX warning (ext4): destination with the same identifier (name{equation.3.1.
3}) has been already used, duplicate ignored
<argument> ...shipout:D \box_use:N \l_shipout_box 
                                                  \__shipout_drop_firstpage_...
l.126 \end{example}
                   ] [32
pdfTeX warning (ext4): destination with the same identifier (name{equation.3.1.
5}) has been already used, duplicate ignored
<argument> ...shipout:D \box_use:N \l_shipout_box 
                                                  \__shipout_drop_firstpage_...
l.130 
      
pdfTeX warning (ext4): destination with the same identifier (name{equation.3.1.
5}) has been already used, duplicate ignored
<argument> ...shipout:D \box_use:N \l_shipout_box 
                                                  \__shipout_drop_firstpage_...
l.130 
      ]
Package mdframed Info: mdframed detected package amsthm 
 changed the theorem header of amsthm
(mdframed)              on input line 134.
Package mdframed Info: mdframed detected package amsthm 
 changed the theorem header of amsthm
(mdframed)              on input line 171.
Package mdframed Info: Box was splittet wrong
 starting loop to iterate the splitting point
(mdframed)              on input line 171.
 [33
pdfTeX warning (ext4): destination with the same identifier (name{equation.3.1.
8}) has been already used, duplicate ignored
<argument> ...shipout:D \box_use:N \l_shipout_box 
                                                  \__shipout_drop_firstpage_...
l.171 \end{example}
                   
pdfTeX warning (ext4): destination with the same identifier (name{equation.3.1.
8}) has been already used, duplicate ignored
<argument> ...shipout:D \box_use:N \l_shipout_box 
                                                  \__shipout_drop_firstpage_...
l.171 \end{example}
                   
pdfTeX warning (ext4): destination with the same identifier (name{equation.3.1.
8}) has been already used, duplicate ignored
<argument> ...shipout:D \box_use:N \l_shipout_box 
                                                  \__shipout_drop_firstpage_...
l.171 \end{example}
                   ]
<../Pictures/Non_dim_example.png, id=682, 261.22594pt x 195.48032pt>
File: ../Pictures/Non_dim_example.png Graphic file (type png)
<use ../Pictures/Non_dim_example.png>
Package pdftex.def Info: ../Pictures/Non_dim_example.png  used on input line 17
4.
(pdftex.def)             Requested size: 199.60895pt x 149.37192pt.
Package mdframed Info: mdframed detected package amsthm 
 changed the theorem header of amsthm
(mdframed)              on input line 178.
Package mdframed Info: mdframed detected package amsthm 
 changed the theorem header of amsthm
(mdframed)              on input line 203.
Package mdframed Info: Box was splittet wrong
 starting loop to iterate the splitting point
(mdframed)              on input line 203.
 [34
pdfTeX warning (ext4): destination with the same identifier (name{equation.3.1.
9}) has been already used, duplicate ignored
<argument> ...shipout:D \box_use:N \l_shipout_box 
                                                  \__shipout_drop_firstpage_...
l.203 \end{example}
                    <../Pictures/Non_dim_example.png (PNG copy)>]
Package mdframed Info: mdframed detected package amsthm 
 changed the theorem header of amsthm
(mdframed)              on input line 207.
Package mdframed Info: mdframed detected package amsthm 
 changed the theorem header of amsthm
(mdframed)              on input line 243.
 [35
pdfTeX warning (ext4): destination with the same identifier (name{equation.3.1.
11}) has been already used, duplicate ignored
<argument> ...shipout:D \box_use:N \l_shipout_box 
                                                  \__shipout_drop_firstpage_...
l.248 \item s
             pecify balances and check that they are valid;
pdfTeX warning (ext4): destination with the same identifier (name{equation.3.1.
11}) has been already used, duplicate ignored
<argument> ...shipout:D \box_use:N \l_shipout_box 
                                                  \__shipout_drop_firstpage_...
l.248 \item s
             pecify balances and check that they are valid;
pdfTeX warning (ext4): destination with the same identifier (name{equation.3.1.
12}) has been already used, duplicate ignored
<argument> ...shipout:D \box_use:N \l_shipout_box 
                                                  \__shipout_drop_firstpage_...
l.248 \item s
             pecify balances and check that they are valid;]) [36]
\openout2 = `Stationary_states_and_stability.aux'.


(Stationary_states_and_stability.tex
Chapter 4.
<../Pictures/Pencil_stationary_state.png, id=723, 321.3606pt x 301.8477pt>
File: ../Pictures/Pencil_stationary_state.png Graphic file (type png)
<use ../Pictures/Pencil_stationary_state.png>
Package pdftex.def Info: ../Pictures/Pencil_stationary_state.png  used on input
 line 18.
(pdftex.def)             Requested size: 199.60895pt x 187.48447pt.
Package mdframed Info: mdframed detected package amsthm 
 changed the theorem header of amsthm
(mdframed)              on input line 31.
Package mdframed Info: mdframed detected package amsthm 
 changed the theorem header of amsthm
(mdframed)              on input line 42.
Package mdframed Info: Not enough space on this page on input line 42.
[37




]
Package mdframed Info: Not enough space on this page on input line 42.
<../Pictures/Stationary_stability.png, id=736, 529.4982pt x 201.8742pt>
File: ../Pictures/Stationary_stability.png Graphic file (type png)
<use ../Pictures/Stationary_stability.png>
Package pdftex.def Info: ../Pictures/Stationary_stability.png  used on input li
ne 45.
(pdftex.def)             Requested size: 443.57848pt x 169.12343pt.
Package mdframed Info: mdframed detected package amsthm 
 changed the theorem header of amsthm
(mdframed)              on input line 50.
Package mdframed Info: mdframed detected package amsthm 
 changed the theorem header of amsthm
(mdframed)              on input line 58.
Package mdframed Info: Box was splittet wrong
 starting loop to iterate the splitting point
(mdframed)              on input line 58.
 [38 <../Pictures/Pencil_stationary_state.png>]
<../Pictures/Logistic_stability.png, id=755, 259.7203pt x 199.74625pt>
File: ../Pictures/Logistic_stability.png Graphic file (type png)
<use ../Pictures/Logistic_stability.png>
Package pdftex.def Info: ../Pictures/Logistic_stability.png  used on input line
 61.
(pdftex.def)             Requested size: 199.60895pt x 153.51553pt.
<../Pictures/Logistic_multi_IC.png, id=756, 267.24844pt x 199.74625pt>
File: ../Pictures/Logistic_multi_IC.png Graphic file (type png)
<use ../Pictures/Logistic_multi_IC.png>
Package pdftex.def Info: ../Pictures/Logistic_multi_IC.png  used on input line 
62.
(pdftex.def)             Requested size: 199.60895pt x 149.19669pt.
 [39 <../Pictures/Stationary_stability.png> <../Pictures/Logistic_stability.png
 (PNG copy)> <../Pictures/Logistic_multi_IC.png (PNG copy)>] [40]
Package mdframed Info: mdframed detected package amsthm 
 changed the theorem header of amsthm
(mdframed)              on input line 111.
Package mdframed Info: mdframed detected package amsthm 
 changed the theorem header of amsthm
(mdframed)              on input line 177.
 [41]
Package mdframed Info: Box was splittet wrong
 starting loop to iterate the splitting point
(mdframed)              on input line 177.
 [42]
<../Pictures/Multi_stable_stability_E9.png, id=815, 327.97531pt x 249.93375pt>
File: ../Pictures/Multi_stable_stability_E9.png Graphic file (type png)
<use ../Pictures/Multi_stable_stability_E9.png>
Package pdftex.def Info: ../Pictures/Multi_stable_stability_E9.png  used on inp
ut line 180.
(pdftex.def)             Requested size: 199.60895pt x 152.11232pt.
<../Pictures/Multi_stable_multi_IC_9.png, id=816, 332.49219pt x 249.93375pt>
File: ../Pictures/Multi_stable_multi_IC_9.png Graphic file (type png)
<use ../Pictures/Multi_stable_multi_IC_9.png>
Package pdftex.def Info: ../Pictures/Multi_stable_multi_IC_9.png  used on input
 line 181.
(pdftex.def)             Requested size: 199.60895pt x 150.0453pt.
<../Pictures/Multi_stable_stability_E11.png, id=817, 327.97531pt x 249.93375pt>

File: ../Pictures/Multi_stable_stability_E11.png Graphic file (type png)
<use ../Pictures/Multi_stable_stability_E11.png>
Package pdftex.def Info: ../Pictures/Multi_stable_stability_E11.png  used on in
put line 182.
(pdftex.def)             Requested size: 199.60895pt x 152.11232pt.
<../Pictures/Multi_stable_multi_IC_11.png, id=818, 332.49219pt x 249.93375pt>
File: ../Pictures/Multi_stable_multi_IC_11.png Graphic file (type png)
<use ../Pictures/Multi_stable_multi_IC_11.png>
Package pdftex.def Info: ../Pictures/Multi_stable_multi_IC_11.png  used on inpu
t line 183.
(pdftex.def)             Requested size: 199.60895pt x 150.0453pt.
 [43 <../Pictures/Multi_stable_stability_E9.png (PNG copy)> <../Pictures/Multi_
stable_multi_IC_9.png (PNG copy)> <../Pictures/Multi_stable_stability_E11.png (
PNG copy)> <../Pictures/Multi_stable_multi_IC_11.png (PNG copy)>]
<../Pictures/Hysteresis.png, id=844, 317.9378pt x 249.68282pt>
File: ../Pictures/Hysteresis.png Graphic file (type png)
<use ../Pictures/Hysteresis.png>
Package pdftex.def Info: ../Pictures/Hysteresis.png  used on input line 207.
(pdftex.def)             Requested size: 310.50357pt x 243.86455pt.
 [44 <../Pictures/Hysteresis.png (PNG copy)>]) [45]
\openout2 = `Stability_of_ODE_systems.aux'.

 (Stability_of_ODE_systems.tex
Chapter 5.
[46




] [47]

Package hyperref Warning: Token not allowed in a PDF string (Unicode):
(hyperref)                removing `math shift' on input line 112.


Package hyperref Warning: Token not allowed in a PDF string (Unicode):
(hyperref)                removing `math shift' on input line 112.

<../Pictures/Saddle.png, id=904, 224.08719pt x 141.27782pt>
File: ../Pictures/Saddle.png Graphic file (type png)
<use ../Pictures/Saddle.png>
Package pdftex.def Info: ../Pictures/Saddle.png  used on input line 120.
(pdftex.def)             Requested size: 199.60895pt x 125.84894pt.
Package mdframed Info: mdframed detected package amsthm 
 changed the theorem header of amsthm
(mdframed)              on input line 123.
Package mdframed Info: mdframed detected package amsthm 
 changed the theorem header of amsthm
(mdframed)              on input line 139.
[48]
<../Pictures/Saddle_point.png, id=924, 631.60968pt x 199.24437pt>
File: ../Pictures/Saddle_point.png Graphic file (type png)
<use ../Pictures/Saddle_point.png>
Package pdftex.def Info: ../Pictures/Saddle_point.png  used on input line 142.
(pdftex.def)             Requested size: 443.57848pt x 139.92917pt.


Package hyperref Warning: Token not allowed in a PDF string (Unicode):
(hyperref)                removing `math shift' on input line 146.


Package hyperref Warning: Token not allowed in a PDF string (Unicode):
(hyperref)                removing `math shift' on input line 146.

[49 <../Pictures/Saddle.png (PNG copy)> <../Pictures/Saddle_point.png (PNG copy
)>]
Package mdframed Info: mdframed detected package amsthm 
 changed the theorem header of amsthm
(mdframed)              on input line 153.
Package mdframed Info: mdframed detected package amsthm 
 changed the theorem header of amsthm
(mdframed)              on input line 168.
<../Pictures/Centre.png, id=937, 635.37375pt x 199.24437pt>
File: ../Pictures/Centre.png Graphic file (type png)
<use ../Pictures/Centre.png>
Package pdftex.def Info: ../Pictures/Centre.png  used on input line 171.
(pdftex.def)             Requested size: 443.57848pt x 139.10527pt.
 [50 <../Pictures/Centre.png (PNG copy)>]
Package mdframed Info: mdframed detected package amsthm 
 changed the theorem header of amsthm
(mdframed)              on input line 180.
Package mdframed Info: mdframed detected package amsthm 
 changed the theorem header of amsthm
(mdframed)              on input line 196.
<../Pictures/Stable_node.png, id=955, 635.37375pt x 199.24437pt>
File: ../Pictures/Stable_node.png Graphic file (type png)
<use ../Pictures/Stable_node.png>
Package pdftex.def Info: ../Pictures/Stable_node.png  used on input line 199.
(pdftex.def)             Requested size: 443.57848pt x 139.10527pt.
Package mdframed Info: mdframed detected package amsthm 
 changed the theorem header of amsthm
(mdframed)              on input line 202.
Package mdframed Info: mdframed detected package amsthm 
 changed the theorem header of amsthm
(mdframed)              on input line 217.
 [51 <../Pictures/Stable_node.png (PNG copy)>]
<../Pictures/St_spiral_node.png, id=974, 635.37375pt x 199.24437pt>
File: ../Pictures/St_spiral_node.png Graphic file (type png)
<use ../Pictures/St_spiral_node.png>
Package pdftex.def Info: ../Pictures/St_spiral_node.png  used on input line 220
.
(pdftex.def)             Requested size: 443.57848pt x 139.10527pt.
Package mdframed Info: mdframed detected package amsthm 
 changed the theorem header of amsthm
(mdframed)              on input line 225.
Package mdframed Info: mdframed detected package amsthm 
 changed the theorem header of amsthm
(mdframed)              on input line 240.
<../Pictures/Unstable_node.png, id=980, 631.60968pt x 199.24437pt>
File: ../Pictures/Unstable_node.png Graphic file (type png)
<use ../Pictures/Unstable_node.png>
Package pdftex.def Info: ../Pictures/Unstable_node.png  used on input line 243.

(pdftex.def)             Requested size: 443.57848pt x 139.92917pt.
Package mdframed Info: mdframed detected package amsthm 
 changed the theorem header of amsthm
(mdframed)              on input line 246.
Package mdframed Info: mdframed detected package amsthm 
 changed the theorem header of amsthm
(mdframed)              on input line 261.
 [52 <../Pictures/St_spiral_node.png (PNG copy)>]
Package mdframed Info: Not enough space on this page on input line 261.
<../Pictures/Ust_spiral_node.png, id=998, 631.60968pt x 199.24437pt>
File: ../Pictures/Ust_spiral_node.png Graphic file (type png)
<use ../Pictures/Ust_spiral_node.png>
Package pdftex.def Info: ../Pictures/Ust_spiral_node.png  used on input line 26
4.
(pdftex.def)             Requested size: 443.57848pt x 139.92917pt.
 [53 <../Pictures/Unstable_node.png (PNG copy)>]) [54 <../Pictures/Ust_spiral_n
ode.png (PNG copy)>]
\openout2 = `Phase_plane_analysis.aux'.

 (Phase_plane_analysis.tex
Chapter 6.
Package mdframed Info: mdframed detected package amsthm 
 changed the theorem header of amsthm
(mdframed)              on input line 18.
Package mdframed Info: mdframed detected package amsthm 
 changed the theorem header of amsthm
(mdframed)              on input line 36.
Package mdframed Info: Box was splittet wrong
 starting loop to iterate the splitting point
(mdframed)              on input line 36.
[55




]
<../Pictures/Nullcline_example.png, id=1034, 258.9675pt x 199.49532pt>
File: ../Pictures/Nullcline_example.png Graphic file (type png)
<use ../Pictures/Nullcline_example.png>
Package pdftex.def Info: ../Pictures/Nullcline_example.png  used on input line 
39.
(pdftex.def)             Requested size: 199.60895pt x 153.77623pt.
Package mdframed Info: mdframed detected package amsthm 
 changed the theorem header of amsthm
(mdframed)              on input line 44.
Package mdframed Info: mdframed detected package amsthm 
 changed the theorem header of amsthm
(mdframed)              on input line 66.
Package mdframed Info: Box was splittet wrong
 starting loop to iterate the splitting point
(mdframed)              on input line 66.
 [56 <../Pictures/Nullcline_example.png (PNG copy)>]
<../Pictures/u_nullcline.png, id=1058, 258.9675pt x 199.49532pt>
File: ../Pictures/u_nullcline.png Graphic file (type png)
<use ../Pictures/u_nullcline.png>
Package pdftex.def Info: ../Pictures/u_nullcline.png  used on input line 76.
(pdftex.def)             Requested size: 199.60895pt x 153.77623pt.
<../Pictures/v_nullcline.png, id=1059, 258.9675pt x 199.49532pt>
File: ../Pictures/v_nullcline.png Graphic file (type png)
<use ../Pictures/v_nullcline.png>
Package pdftex.def Info: ../Pictures/v_nullcline.png  used on input line 77.
(pdftex.def)             Requested size: 199.60895pt x 153.77623pt.
<../Pictures/uv_nullcline.png, id=1060, 258.46562pt x 199.24437pt>
File: ../Pictures/uv_nullcline.png Graphic file (type png)
<use ../Pictures/uv_nullcline.png>
Package pdftex.def Info: ../Pictures/uv_nullcline.png  used on input line 78.
(pdftex.def)             Requested size: 199.60895pt x 153.8777pt.
<../Pictures/Phase_plane_example.png, id=1061, 258.9675pt x 199.49532pt>
File: ../Pictures/Phase_plane_example.png Graphic file (type png)
<use ../Pictures/Phase_plane_example.png>
Package pdftex.def Info: ../Pictures/Phase_plane_example.png  used on input lin
e 79.
(pdftex.def)             Requested size: 199.60895pt x 153.77623pt.
) [57] [58 <../Pictures/u_nullcline.png (PNG copy)> <../Pictures/v_nullcline.pn
g (PNG copy)> <../Pictures/uv_nullcline.png (PNG copy)> <../Pictures/Phase_plan
e_example.png (PNG copy)>]
\openout2 = `Putting_it_all_together.aux'.

 (Putting_it_all_together.tex
Chapter 7.
Package mdframed Info: mdframed detected package amsthm 
 changed the theorem header of amsthm
(mdframed)              on input line 5.
Package mdframed Info: mdframed detected package amsthm 
 changed the theorem header of amsthm
(mdframed)              on input line 200.
Package mdframed Info: Box was splittet wrong
 starting loop to iterate the splitting point
(mdframed)              on input line 200.
[59




]
Package mdframed Info: Box was splittet wrong
 starting loop to iterate the splitting point
(mdframed)              on input line 200.
 [60]
Package mdframed Info: Box was splittet wrong
 starting loop to iterate the splitting point
(mdframed)              on input line 200.
 [61
pdfTeX warning (ext4): destination with the same identifier (name{equation.7.1.
11}) has been already used, duplicate ignored
<argument> ...shipout:D \box_use:N \l_shipout_box 
                                                  \__shipout_drop_firstpage_...
l.200 \end{example}
                   ]
Package mdframed Info: Box was splittet wrong
 starting loop to iterate the splitting point
(mdframed)              on input line 200.
 [62]
Package mdframed Info: Box was splittet wrong
 starting loop to iterate the splitting point
(mdframed)              on input line 200.
 [63
pdfTeX warning (ext4): destination with the same identifier (name{equation.7.1.
16}) has been already used, duplicate ignored
<argument> ...shipout:D \box_use:N \l_shipout_box 
                                                  \__shipout_drop_firstpage_...
l.200 \end{example}
                   
pdfTeX warning (ext4): destination with the same identifier (name{equation.7.1.
16}) has been already used, duplicate ignored
<argument> ...shipout:D \box_use:N \l_shipout_box 
                                                  \__shipout_drop_firstpage_...
l.200 \end{example}
                   
pdfTeX warning (ext4): destination with the same identifier (name{equation.7.1.
16}) has been already used, duplicate ignored
<argument> ...shipout:D \box_use:N \l_shipout_box 
                                                  \__shipout_drop_firstpage_...
l.200 \end{example}
                   
pdfTeX warning (ext4): destination with the same identifier (name{equation.7.1.
16}) has been already used, duplicate ignored
<argument> ...shipout:D \box_use:N \l_shipout_box 
                                                  \__shipout_drop_firstpage_...
l.200 \end{example}
                   ]
Package mdframed Info: Box was splittet wrong
 starting loop to iterate the splitting point
(mdframed)              on input line 200.
 [64]
<../Pictures/Nullcline_multiple_alpha.png, id=1172, 269.75781pt x 195.48032pt>
File: ../Pictures/Nullcline_multiple_alpha.png Graphic file (type png)
<use ../Pictures/Nullcline_multiple_alpha.png>
Package pdftex.def Info: ../Pictures/Nullcline_multiple_alpha.png  used on inpu
t line 203.
(pdftex.def)             Requested size: 199.60895pt x 144.65018pt.
<../Pictures/Fishing_complex.png, id=1173, 251.18843pt x 199.9972pt>
File: ../Pictures/Fishing_complex.png Graphic file (type png)
<use ../Pictures/Fishing_complex.png>
Package pdftex.def Info: ../Pictures/Fishing_complex.png  used on input line 20
4.
(pdftex.def)             Requested size: 199.60895pt x 158.9268pt.
<../Pictures/Fishing_phase_plane.png, id=1180, 264.73906pt x 195.48032pt>
File: ../Pictures/Fishing_phase_plane.png Graphic file (type png)
<use ../Pictures/Fishing_phase_plane.png>
Package pdftex.def Info: ../Pictures/Fishing_phase_plane.png  used on input lin
e 209.
(pdftex.def)             Requested size: 266.14978pt x 196.53572pt.
<../Pictures/Fishing_simulation_node.png, id=1181, 262.22969pt x 199.49532pt>
File: ../Pictures/Fishing_simulation_node.png Graphic file (type png)
<use ../Pictures/Fishing_simulation_node.png>
Package pdftex.def Info: ../Pictures/Fishing_simulation_node.png  used on input
 line 211.
(pdftex.def)             Requested size: 199.60895pt x 151.86153pt.
<../Pictures/Fishing_simulation_spiral.png, id=1182, 262.22969pt x 199.49532pt>

File: ../Pictures/Fishing_simulation_spiral.png Graphic file (type png)
<use ../Pictures/Fishing_simulation_spiral.png>
Package pdftex.def Info: ../Pictures/Fishing_simulation_spiral.png  used on inp
ut line 212.
(pdftex.def)             Requested size: 199.60895pt x 151.86153pt.
Package mdframed Info: mdframed detected package amsthm 
 changed the theorem header of amsthm
(mdframed)              on input line 219.
Package mdframed Info: mdframed detected package amsthm 
 changed the theorem header of amsthm
(mdframed)              on input line 250.
 [65]
Package mdframed Info: Box was splittet wrong
 starting loop to iterate the splitting point
(mdframed)              on input line 250.
 [66
pdfTeX warning (ext4): destination with the same identifier (name{equation.7.2.
27}) has been already used, duplicate ignored
<argument> ...shipout:D \box_use:N \l_shipout_box 
                                                  \__shipout_drop_firstpage_...
l.250 \end{example}
                   
pdfTeX warning (ext4): destination with the same identifier (name{equation.7.2.
27}) has been already used, duplicate ignored
<argument> ...shipout:D \box_use:N \l_shipout_box 
                                                  \__shipout_drop_firstpage_...
l.250 \end{example}
                    <../Pictures/Nullcline_multiple_alpha.png (PNG copy)> <../P
ictures/Fishing_complex.png (PNG copy)>] [67 <../Pictures/Fishing_phase_plane.p
ng (PNG copy)> <../Pictures/Fishing_simulation_node.png (PNG copy)> <../Picture
s/Fishing_simulation_spiral.png (PNG copy)>]
<../Pictures/Pendulum_phase_plane.png, id=1222, 270.00874pt x 190.96344pt>
File: ../Pictures/Pendulum_phase_plane.png Graphic file (type png)
<use ../Pictures/Pendulum_phase_plane.png>
Package pdftex.def Info: ../Pictures/Pendulum_phase_plane.png  used on input li
ne 253.
(pdftex.def)             Requested size: 199.60895pt x 141.17668pt.
<../Pictures/Pendulum_simulation.png, id=1223, 255.95625pt x 199.49532pt>
File: ../Pictures/Pendulum_simulation.png Graphic file (type png)
<use ../Pictures/Pendulum_simulation.png>
Package pdftex.def Info: ../Pictures/Pendulum_simulation.png  used on input lin
e 254.
(pdftex.def)             Requested size: 199.60895pt x 155.57831pt.
) [68 <../Pictures/Pendulum_phase_plane.png (PNG copy)> <../Pictures/Pendulum_s
imulation.png (PNG copy)>]
(Master.aux (Introduction.aux) (How_to_model_a_system.aux)
(Non-dimensionalisation.aux) (Stationary_states_and_stability.aux)
(Stability_of_ODE_systems.aux) (Phase_plane_analysis.aux)
(Putting_it_all_together.aux))
Package rerunfilecheck Info: File `Master.out' has not changed.
(rerunfilecheck)             Checksum: DA32A35E0A21760B7B59748CBA628C16;6084.
 ) 
Here is how much of TeX's memory you used:
 30979 strings out of 478659
 610657 string characters out of 2845446
 1055770 words of memory out of 3000000
 47972 multiletter control sequences out of 15000+600000
 420676 words of font info for 93 fonts, out of 8000000 for 9000
 1141 hyphenation exceptions out of 8191
 99i,15n,103p,1237b,1173s stack positions out of 5000i,500n,10000p,200000b,80000s

pdfTeX warning (dest): name{Hfootnote.5} has been referenced but does not exist
, replaced by a fixed one


pdfTeX warning (dest): name{Hfootnote.4} has been referenced but does not exist
, replaced by a fixed one


pdfTeX warning (dest): name{Hfootnote.3} has been referenced but does not exist
, replaced by a fixed one


pdfTeX warning (dest): name{Hfootnote.2} has been referenced but does not exist
, replaced by a fixed one


pdfTeX warning (dest): name{Hfootnote.1} has been referenced but does not exist
, replaced by a fixed one

 <C:\Users\smatw1\AppData\Local\MiKTeX\fonts/pk/ljfour/jknappen/ec/dpi600\tcrm1
000.pk><C:/Users/smatw1/AppData/Local/Programs/MiKTeX/fonts/type1/public/amsfon
ts/cm/cmbx10.pfb><C:/Users/smatw1/AppData/Local/Programs/MiKTeX/fonts/type1/pub
lic/amsfonts/cm/cmbx12.pfb><C:/Users/smatw1/AppData/Local/Programs/MiKTeX/fonts
/type1/public/amsfonts/cm/cmbxti10.pfb><C:/Users/smatw1/AppData/Local/Programs/
MiKTeX/fonts/type1/public/amsfonts/cm/cmex10.pfb><C:/Users/smatw1/AppData/Local
/Programs/MiKTeX/fonts/type1/public/amsfonts/cm/cmmi10.pfb><C:/Users/smatw1/App
Data/Local/Programs/MiKTeX/fonts/type1/public/amsfonts/cm/cmmi12.pfb><C:/Users/
smatw1/AppData/Local/Programs/MiKTeX/fonts/type1/public/amsfonts/cm/cmmi5.pfb><
C:/Users/smatw1/AppData/Local/Programs/MiKTeX/fonts/type1/public/amsfonts/cm/cm
mi7.pfb><C:/Users/smatw1/AppData/Local/Programs/MiKTeX/fonts/type1/public/amsfo
nts/cm/cmmi8.pfb><C:/Users/smatw1/AppData/Local/Programs/MiKTeX/fonts/type1/pub
lic/amsfonts/cm/cmmib10.pfb><C:/Users/smatw1/AppData/Local/Programs/MiKTeX/font
s/type1/public/amsfonts/cm/cmr10.pfb><C:/Users/smatw1/AppData/Local/Programs/Mi
KTeX/fonts/type1/public/amsfonts/cm/cmr12.pfb><C:/Users/smatw1/AppData/Local/Pr
ograms/MiKTeX/fonts/type1/public/amsfonts/cm/cmr5.pfb><C:/Users/smatw1/AppData/
Local/Programs/MiKTeX/fonts/type1/public/amsfonts/cm/cmr6.pfb><C:/Users/smatw1/
AppData/Local/Programs/MiKTeX/fonts/type1/public/amsfonts/cm/cmr7.pfb><C:/Users
/smatw1/AppData/Local/Programs/MiKTeX/fonts/type1/public/amsfonts/cm/cmr8.pfb><
C:/Users/smatw1/AppData/Local/Programs/MiKTeX/fonts/type1/public/amsfonts/cm/cm
sl10.pfb><C:/Users/smatw1/AppData/Local/Programs/MiKTeX/fonts/type1/public/amsf
onts/cm/cmsy10.pfb><C:/Users/smatw1/AppData/Local/Programs/MiKTeX/fonts/type1/p
ublic/amsfonts/cm/cmsy5.pfb><C:/Users/smatw1/AppData/Local/Programs/MiKTeX/font
s/type1/public/amsfonts/cm/cmsy7.pfb><C:/Users/smatw1/AppData/Local/Programs/Mi
KTeX/fonts/type1/public/amsfonts/cm/cmti10.pfb><C:/Users/smatw1/AppData/Local/P
rograms/MiKTeX/fonts/type1/public/amsfonts/symbols/msam10.pfb>
Output written on Master.pdf (68 pages, 4386815 bytes).
PDF statistics:
 1436 PDF objects out of 1440 (max. 8388607)
 495 named destinations out of 1000 (max. 500000)
 572 words of extra memory for PDF output out of 10000 (max. 10000000)

